2023-08-09 12:01:09,167 - INFO - {'taxValue': '1717.7247', 'year': '2023', 'month': 6, 'index': 'IPCA', 'base_year': '1980'} 
2023-08-09 12:01:11,096 - INFO - Dados enviados com sucesso para o SAP BTP - DS4-400. 
2023-08-09 12:01:12,384 - INFO - {'taxValue': '2670.6868', 'year': '2023', 'month': 7, 'index': 'IGPM', 'base_year': '1993'} 
2023-08-09 12:01:13,530 - INFO - Dados enviados com sucesso para o SAP BTP - DS4-400. 
2023-08-09 12:01:14,351 - INFO - {'taxValue': '2869.647', 'year': '2023', 'month': 7, 'index': 'IGP', 'base_year': '1980'} 
2023-08-09 12:01:15,612 - INFO - Dados enviados com sucesso para o SAP BTP - DS4-400. 
2023-08-09 12:01:16,672 - INFO - {'taxValue': '1524.7476', 'year': '2023', 'month': 7, 'index': 'IPC', 'base_year': '1990'} 
2023-08-09 12:01:18,547 - INFO - Dados enviados com sucesso para o SAP BTP - DS4-400. 
2023-08-09 12:01:19,443 - INFO - {'taxValue': '1784.7985', 'year': '2023', 'month': 6, 'index': 'INPC', 'base_year': '1990'} 
2023-08-09 12:01:20,365 - INFO - Dados enviados com sucesso para o SAP BTP - DS4-400. 
2023-08-09 12:03:34,224 - INFO - {'taxValue': '1717.7247', 'year': '2023', 'month': 6, 'index': 'IPCA', 'base_year': '1980'} 
2023-08-09 12:03:35,347 - INFO - Dados enviados com sucesso para o SAP BTP - PS4-300. 
2023-08-09 12:03:36,146 - INFO - {'taxValue': '2670.6868', 'year': '2023', 'month': 7, 'index': 'IGPM', 'base_year': '1993'} 
2023-08-09 12:03:37,038 - INFO - Dados enviados com sucesso para o SAP BTP - PS4-300. 
2023-08-09 12:03:37,764 - INFO - {'taxValue': '2869.647', 'year': '2023', 'month': 7, 'index': 'IGP', 'base_year': '1980'} 
2023-08-09 12:03:39,149 - INFO - Dados enviados com sucesso para o SAP BTP - PS4-300. 
2023-08-09 12:04:01,146 - INFO - {'taxValue': '1524.7476', 'year': '2023', 'month': 7, 'index': 'IPC', 'base_year': '1990'} 
2023-08-09 12:04:02,403 - INFO - Dados enviados com sucesso para o SAP BTP - PS4-300. 
2023-08-09 12:04:03,071 - INFO - {'taxValue': '1784.7985', 'year': '2023', 'month': 6, 'index': 'INPC', 'base_year': '1990'} 
2023-08-09 12:04:04,043 - INFO - Dados enviados com sucesso para o SAP BTP - PS4-300. 
2023-08-09 12:28:33,289 - INFO - {'taxValue': '1717.7247', 'year': '2023', 'month': 6, 'index': 'IPCA', 'base_year': '1980'} 
2023-08-09 12:28:34,402 - INFO - Dados enviados com sucesso para o SAP BTP - DS4-400. 
2023-08-09 12:28:35,204 - INFO - {'taxValue': '2670.6868', 'year': '2023', 'month': 7, 'index': 'IGPM', 'base_year': '1993'} 
2023-08-09 12:28:36,236 - INFO - Dados enviados com sucesso para o SAP BTP - DS4-400. 
2023-08-09 12:28:36,946 - INFO - {'taxValue': '2869.647', 'year': '2023', 'month': 7, 'index': 'IGP', 'base_year': '1980'} 
2023-08-09 12:28:38,224 - INFO - Dados enviados com sucesso para o SAP BTP - DS4-400. 
2023-08-09 12:28:39,247 - INFO - {'taxValue': '1524.7476', 'year': '2023', 'month': 7, 'index': 'IPC', 'base_year': '1990'} 
2023-08-09 12:28:40,286 - INFO - Dados enviados com sucesso para o SAP BTP - DS4-400. 
2023-08-09 12:28:41,029 - INFO - {'taxValue': '1784.7985', 'year': '2023', 'month': 6, 'index': 'INPC', 'base_year': '1990'} 
2023-08-09 12:28:41,718 - INFO - Dados enviados com sucesso para o SAP BTP - DS4-400. 
2023-08-09 14:37:55,482 - INFO - {'taxValue': '1717.7247', 'year': '2023', 'month': 6, 'index': 'IPCA', 'base_year': '1980'} 
2023-08-09 14:37:58,660 - INFO - Dados enviados com sucesso para o SAP BTP - DS4-400. 
2023-08-09 14:37:59,481 - INFO - {'taxValue': '2670.6868', 'year': '2023', 'month': 7, 'index': 'IGPM', 'base_year': '1993'} 
2023-08-09 14:38:00,422 - INFO - Dados enviados com sucesso para o SAP BTP - DS4-400. 
2023-08-09 14:38:01,198 - INFO - {'taxValue': '2869.647', 'year': '2023', 'month': 7, 'index': 'IGP', 'base_year': '1980'} 
2023-08-09 14:38:03,693 - INFO - Dados enviados com sucesso para o SAP BTP - DS4-400. 
2023-08-09 14:38:04,574 - INFO - {'taxValue': '1524.7476', 'year': '2023', 'month': 7, 'index': 'IPC', 'base_year': '1990'} 
2023-08-09 14:38:05,842 - INFO - Dados enviados com sucesso para o SAP BTP - DS4-400. 
2023-08-09 14:38:06,517 - INFO - {'taxValue': '1784.7985', 'year': '2023', 'month': 6, 'index': 'INPC', 'base_year': '1990'} 
2023-08-09 14:38:07,357 - INFO - Dados enviados com sucesso para o SAP BTP - DS4-400. 
2023-08-09 14:39:12,637 - INFO - {'taxValue': '1717.7247', 'year': '2023', 'month': 6, 'index': 'IPCA', 'base_year': '1980'} 
2023-08-09 14:39:14,408 - INFO - Dados enviados com sucesso para o SAP BTP - DS4-400. 
2023-08-09 14:39:15,136 - INFO - {'taxValue': '2670.6868', 'year': '2023', 'month': 7, 'index': 'IGPM', 'base_year': '1993'} 
2023-08-09 14:39:16,377 - INFO - Dados enviados com sucesso para o SAP BTP - DS4-400. 
2023-08-09 14:39:17,074 - INFO - {'taxValue': '2869.647', 'year': '2023', 'month': 7, 'index': 'IGP', 'base_year': '1980'} 
2023-08-09 14:39:18,197 - INFO - Dados enviados com sucesso para o SAP BTP - DS4-400. 
2023-08-09 14:39:19,201 - INFO - {'taxValue': '1524.7476', 'year': '2023', 'month': 7, 'index': 'IPC', 'base_year': '1990'} 
2023-08-09 14:39:19,884 - INFO - Dados enviados com sucesso para o SAP BTP - DS4-400. 
2023-08-09 14:39:20,573 - INFO - {'taxValue': '1784.7985', 'year': '2023', 'month': 6, 'index': 'INPC', 'base_year': '1990'} 
2023-08-09 14:39:21,401 - INFO - Dados enviados com sucesso para o SAP BTP - DS4-400. 
2023-08-09 17:36:30,958 - INFO - {'taxValue': '1717.7247', 'year': '2023', 'month': 6, 'index': 'IPCA', 'base_year': '1980'} 
2023-08-09 17:36:33,007 - INFO - Dados enviados com sucesso para o SAP BTP - PS4-300. 
2023-08-09 17:36:33,949 - INFO - {'taxValue': '2670.6868', 'year': '2023', 'month': 7, 'index': 'IGPM', 'base_year': '1993'} 
2023-08-09 17:36:34,849 - INFO - Dados enviados com sucesso para o SAP BTP - PS4-300. 
2023-08-09 17:36:35,639 - INFO - {'taxValue': '2869.647', 'year': '2023', 'month': 7, 'index': 'IGP', 'base_year': '1980'} 
2023-08-09 17:36:38,390 - INFO - Dados enviados com sucesso para o SAP BTP - PS4-300. 
2023-08-09 17:36:39,427 - INFO - {'taxValue': '1524.7476', 'year': '2023', 'month': 7, 'index': 'IPC', 'base_year': '1990'} 
2023-08-09 17:36:40,921 - INFO - Dados enviados com sucesso para o SAP BTP - PS4-300. 
2023-08-09 17:36:41,697 - INFO - {'taxValue': '1784.7985', 'year': '2023', 'month': 6, 'index': 'INPC', 'base_year': '1990'} 
2023-08-09 17:36:43,186 - INFO - Dados enviados com sucesso para o SAP BTP - PS4-300. 
2023-08-10 08:10:07,375 - INFO - {'taxValue': '1717.7247', 'year': '2023', 'month': 6, 'index': 'IPCA', 'base_year': '1980'} 
2023-08-10 08:10:11,404 - INFO - Dados enviados com sucesso para o SAP BTP - DS4-400. 
2023-08-10 08:10:12,162 - INFO - {'taxValue': '2670.6868', 'year': '2023', 'month': 7, 'index': 'IGPM', 'base_year': '1993'} 
2023-08-10 08:10:15,079 - INFO - Dados enviados com sucesso para o SAP BTP - DS4-400. 
2023-08-10 08:10:15,848 - INFO - {'taxValue': '2869.647', 'year': '2023', 'month': 7, 'index': 'IGP', 'base_year': '1980'} 
2023-08-10 08:10:17,045 - INFO - Dados enviados com sucesso para o SAP BTP - DS4-400. 
2023-08-10 08:10:18,203 - INFO - {'taxValue': '1524.7476', 'year': '2023', 'month': 7, 'index': 'IPC', 'base_year': '1990'} 
2023-08-10 08:10:19,562 - INFO - Dados enviados com sucesso para o SAP BTP - DS4-400. 
2023-08-10 08:10:20,246 - INFO - {'taxValue': '1784.7985', 'year': '2023', 'month': 6, 'index': 'INPC', 'base_year': '1990'} 
2023-08-10 08:10:21,829 - INFO - Dados enviados com sucesso para o SAP BTP - DS4-400. 
2023-08-10 08:15:04,242 - INFO - {'taxValue': '1717.7247', 'year': '2023', 'month': 6, 'index': 'IPCA', 'base_year': '1980'} 
2023-08-10 08:17:21,556 - INFO - {'taxValue': '1717.7247', 'year': '2023', 'month': 6, 'index': 'IPCA', 'base_year': '1980'} 
2023-08-10 08:17:24,505 - INFO - Dados enviados com sucesso para o SAP BTP - PS4-300. 
2023-08-10 08:17:25,242 - INFO - {'taxValue': '2670.6868', 'year': '2023', 'month': 7, 'index': 'IGPM', 'base_year': '1993'} 
2023-08-10 08:17:26,075 - INFO - Dados enviados com sucesso para o SAP BTP - PS4-300. 
2023-08-10 08:17:26,799 - INFO - {'taxValue': '2869.647', 'year': '2023', 'month': 7, 'index': 'IGP', 'base_year': '1980'} 
2023-08-10 08:17:29,917 - INFO - Dados enviados com sucesso para o SAP BTP - PS4-300. 
2023-08-10 08:17:30,643 - INFO - {'taxValue': '1524.7476', 'year': '2023', 'month': 7, 'index': 'IPC', 'base_year': '1990'} 
2023-08-10 08:17:31,461 - INFO - Dados enviados com sucesso para o SAP BTP - PS4-300. 
2023-08-10 08:17:32,391 - INFO - {'taxValue': '1784.7985', 'year': '2023', 'month': 6, 'index': 'INPC', 'base_year': '1990'} 
2023-08-10 08:17:33,260 - INFO - Dados enviados com sucesso para o SAP BTP - PS4-300. 
2023-08-10 14:10:04,816 - INFO - {'taxValue': '1717.7247', 'year': '2023', 'month': 6, 'index': 'IPCA', 'base_year': '1980'} 
2023-08-10 14:10:06,612 - INFO - Dados enviados com sucesso para o SAP BTP - DS4-400. 
2023-08-10 14:10:07,459 - INFO - {'taxValue': '2670.6868', 'year': '2023', 'month': 7, 'index': 'IGPM', 'base_year': '1993'} 
2023-08-10 14:10:08,960 - INFO - Dados enviados com sucesso para o SAP BTP - DS4-400. 
2023-08-10 14:10:09,706 - INFO - {'taxValue': '2869.647', 'year': '2023', 'month': 7, 'index': 'IGP', 'base_year': '1980'} 
2023-08-10 14:10:10,634 - INFO - Dados enviados com sucesso para o SAP BTP - DS4-400. 
2023-08-10 14:10:11,366 - INFO - {'taxValue': '1524.7476', 'year': '2023', 'month': 7, 'index': 'IPC', 'base_year': '1990'} 
2023-08-10 14:10:12,281 - INFO - Dados enviados com sucesso para o SAP BTP - DS4-400. 
2023-08-10 14:10:12,992 - INFO - {'taxValue': '1784.7985', 'year': '2023', 'month': 6, 'index': 'INPC', 'base_year': '1990'} 
2023-08-10 14:10:14,415 - INFO - Dados enviados com sucesso para o SAP BTP - DS4-400. 
