2023-08-11 08:10:06,619 - INFO - {'taxValue': '1717.7247', 'year': '2023', 'month': 6, 'index': 'IPCA', 'base_year': '1980'} 
2023-08-11 08:10:08,979 - INFO - Dados enviados com sucesso para o SAP BTP - DS4-400. 
2023-08-11 08:10:09,727 - INFO - {'taxValue': '2670.6868', 'year': '2023', 'month': 7, 'index': 'IGPM', 'base_year': '1993'} 
2023-08-11 08:10:11,702 - INFO - Dados enviados com sucesso para o SAP BTP - DS4-400. 
2023-08-11 08:10:12,401 - INFO - {'taxValue': '2869.647', 'year': '2023', 'month': 7, 'index': 'IGP', 'base_year': '1980'} 
2023-08-11 08:10:13,693 - INFO - Dados enviados com sucesso para o SAP BTP - DS4-400. 
2023-08-11 08:10:14,421 - INFO - {'taxValue': '1524.7476', 'year': '2023', 'month': 7, 'index': 'IPC', 'base_year': '1990'} 
2023-08-11 08:10:15,343 - INFO - Dados enviados com sucesso para o SAP BTP - DS4-400. 
2023-08-11 08:10:15,987 - INFO - {'taxValue': '1784.7985', 'year': '2023', 'month': 6, 'index': 'INPC', 'base_year': '1990'} 
2023-08-11 08:10:16,915 - INFO - Dados enviados com sucesso para o SAP BTP - DS4-400. 
2023-08-14 08:10:06,243 - INFO - {'taxValue': '1718.4101', 'year': '2023', 'month': 8, 'index': 'IPCA', 'base_year': '1980'} 
2023-08-14 08:10:09,880 - INFO - Dados enviados com sucesso para o SAP BTP - DS4-400. 
2023-08-14 08:10:10,592 - INFO - {'taxValue': '11.5312', 'year': '2023 ', 'month': 7, 'index': 'IGPM', 'base_year': '1993'} 
2023-08-14 08:10:14,315 - INFO - {'taxValue': '2858.1684', 'year': '2023', 'month': 8, 'index': 'IGP', 'base_year': '1980'} 
2023-08-14 08:10:15,873 - INFO - Dados enviados com sucesso para o SAP BTP - DS4-400. 
2023-08-14 08:10:16,628 - INFO - {'taxValue': '58.8481', 'year': '/Jun-', 'month': 2, 'index': 'IPC', 'base_year': '1990'} 
2023-08-14 08:10:18,303 - INFO - {'taxValue': '1781.409', 'year': '2023', 'month': 8, 'index': 'INPC', 'base_year': '1990'} 
2023-08-14 08:10:19,787 - INFO - Dados enviados com sucesso para o SAP BTP - DS4-400. 
2023-08-15 08:10:06,367 - INFO - {'taxValue': '1718.4101', 'year': '2023', 'month': 8, 'index': 'IPCA', 'base_year': '1980'} 
2023-08-15 08:10:08,646 - INFO - Dados enviados com sucesso para o SAP BTP - DS4-400. 
2023-08-15 08:10:09,444 - INFO - {'taxValue': '11.5312', 'year': '2023 ', 'month': 7, 'index': 'IGPM', 'base_year': '1993'} 
2023-08-15 08:10:12,617 - INFO - {'taxValue': '2858.1684', 'year': '2023', 'month': 8, 'index': 'IGP', 'base_year': '1980'} 
2023-08-15 08:10:14,531 - INFO - Dados enviados com sucesso para o SAP BTP - DS4-400. 
2023-08-15 08:10:15,330 - INFO - {'taxValue': '58.8481', 'year': '/Jun-', 'month': 2, 'index': 'IPC', 'base_year': '1990'} 
2023-08-15 08:10:17,020 - INFO - {'taxValue': '1781.409', 'year': '2023', 'month': 8, 'index': 'INPC', 'base_year': '1990'} 
2023-08-15 08:10:18,349 - INFO - Dados enviados com sucesso para o SAP BTP - DS4-400. 
2023-08-16 08:41:26,618 - INFO - {'taxValue': '1718.4101', 'year': '2023', 'month': 8, 'index': 'IPCA', 'base_year': '1980'} 
2023-08-16 08:41:29,257 - INFO - Dados enviados com sucesso para o SAP BTP - DS4-400. 
2023-08-16 08:41:30,070 - INFO - {'taxValue': '11.5312', 'year': '2023 ', 'month': 7, 'index': 'IGPM', 'base_year': '1993'} 
2023-08-16 08:41:32,628 - INFO - {'taxValue': '2858.1684', 'year': '2023', 'month': 8, 'index': 'IGP', 'base_year': '1980'} 
2023-08-16 08:41:33,885 - INFO - Dados enviados com sucesso para o SAP BTP - DS4-400. 
2023-08-16 08:41:34,777 - INFO - {'taxValue': '58.8481', 'year': '/Jun-', 'month': 2, 'index': 'IPC', 'base_year': '1990'} 
2023-08-16 08:41:36,732 - INFO - {'taxValue': '1781.409', 'year': '2023', 'month': 8, 'index': 'INPC', 'base_year': '1990'} 
2023-08-16 08:41:37,917 - INFO - Dados enviados com sucesso para o SAP BTP - DS4-400. 
2023-08-17 08:10:06,834 - INFO - {'taxValue': '1718.4101', 'year': '2023', 'month': 8, 'index': 'IPCA', 'base_year': '1980'} 
2023-08-17 08:10:09,518 - INFO - Dados enviados com sucesso para o SAP BTP - DS4-400. 
2023-08-17 08:10:11,157 - INFO - {'taxValue': '2651.4579', 'year': '2023', 'month': 8, 'index': 'IGPM', 'base_year': '1993'} 
2023-08-17 08:10:13,400 - INFO - Dados enviados com sucesso para o SAP BTP - DS4-400. 
2023-08-17 08:10:14,932 - INFO - {'taxValue': '2858.1684', 'year': '2023', 'month': 8, 'index': 'IGP', 'base_year': '1980'} 
2023-08-17 08:10:16,188 - INFO - Dados enviados com sucesso para o SAP BTP - DS4-400. 
2023-08-17 08:10:17,839 - INFO - {'taxValue': '1522.6129', 'year': '2023', 'month': 8, 'index': 'IPC', 'base_year': '1990'} 
2023-08-17 08:10:19,211 - INFO - Dados enviados com sucesso para o SAP BTP - DS4-400. 
2023-08-17 08:10:20,808 - INFO - {'taxValue': '1781.409', 'year': '2023', 'month': 8, 'index': 'INPC', 'base_year': '1990'} 
2023-08-17 08:10:21,857 - INFO - Dados enviados com sucesso para o SAP BTP - DS4-400. 
2023-08-18 08:10:07,815 - INFO - {'taxValue': '1718.4101', 'year': '2023', 'month': 8, 'index': 'IPCA', 'base_year': '1980'} 
2023-08-18 08:10:10,645 - INFO - Dados enviados com sucesso para o SAP BTP - DS4-400. 
2023-08-18 08:10:11,524 - INFO - {'taxValue': '2651.4579', 'year': '2023', 'month': 8, 'index': 'IGPM', 'base_year': '1993'} 
2023-08-18 08:10:13,261 - INFO - Dados enviados com sucesso para o SAP BTP - DS4-400. 
2023-08-18 08:10:14,089 - INFO - {'taxValue': '2858.1684', 'year': '2023', 'month': 8, 'index': 'IGP', 'base_year': '1980'} 
2023-08-18 08:10:14,935 - INFO - Dados enviados com sucesso para o SAP BTP - DS4-400. 
2023-08-18 08:10:15,812 - INFO - {'taxValue': '1522.6129', 'year': '2023', 'month': 8, 'index': 'IPC', 'base_year': '1990'} 
2023-08-18 08:10:17,207 - INFO - Dados enviados com sucesso para o SAP BTP - DS4-400. 
2023-08-18 08:10:17,945 - INFO - {'taxValue': '1781.409', 'year': '2023', 'month': 8, 'index': 'INPC', 'base_year': '1990'} 
2023-08-18 08:10:18,828 - INFO - Dados enviados com sucesso para o SAP BTP - DS4-400. 
2023-08-21 08:10:05,831 - INFO - {'taxValue': '1718.4101', 'year': '2023', 'month': 8, 'index': 'IPCA', 'base_year': '1980'} 
2023-08-21 08:10:09,981 - INFO - Dados enviados com sucesso para o SAP BTP - DS4-400. 
2023-08-21 08:10:10,740 - INFO - {'taxValue': '2651.4579', 'year': '2023', 'month': 8, 'index': 'IGPM', 'base_year': '1993'} 
2023-08-21 08:10:11,920 - INFO - Dados enviados com sucesso para o SAP BTP - DS4-400. 
2023-08-21 08:10:12,603 - INFO - {'taxValue': '2858.1684', 'year': '2023', 'month': 8, 'index': 'IGP', 'base_year': '1980'} 
2023-08-21 08:10:15,254 - INFO - Dados enviados com sucesso para o SAP BTP - DS4-400. 
2023-08-21 08:10:16,292 - INFO - {'taxValue': '1522.6129', 'year': '2023', 'month': 8, 'index': 'IPC', 'base_year': '1990'} 
2023-08-21 08:10:17,790 - INFO - Dados enviados com sucesso para o SAP BTP - DS4-400. 
2023-08-21 08:10:18,440 - INFO - {'taxValue': '1781.409', 'year': '2023', 'month': 8, 'index': 'INPC', 'base_year': '1990'} 
2023-08-21 08:10:19,378 - INFO - Dados enviados com sucesso para o SAP BTP - DS4-400. 
2023-08-22 08:10:06,066 - INFO - {'taxValue': '1718.4101', 'year': '2023', 'month': 8, 'index': 'IPCA', 'base_year': '1980'} 
2023-08-22 08:10:07,817 - INFO - Dados enviados com sucesso para o SAP BTP - DS4-400. 
2023-08-22 08:10:08,546 - INFO - {'taxValue': '2651.4579', 'year': '2023', 'month': 8, 'index': 'IGPM', 'base_year': '1993'} 
2023-08-22 08:10:10,688 - INFO - Dados enviados com sucesso para o SAP BTP - DS4-400. 
2023-08-22 08:10:11,485 - INFO - {'taxValue': '2858.1684', 'year': '2023', 'month': 8, 'index': 'IGP', 'base_year': '1980'} 
2023-08-22 08:10:12,536 - INFO - Dados enviados com sucesso para o SAP BTP - DS4-400. 
2023-08-22 08:10:13,359 - INFO - {'taxValue': '1522.6129', 'year': '2023', 'month': 8, 'index': 'IPC', 'base_year': '1990'} 
2023-08-22 08:10:14,774 - INFO - Dados enviados com sucesso para o SAP BTP - DS4-400. 
2023-08-22 08:10:15,395 - INFO - {'taxValue': '1781.409', 'year': '2023', 'month': 8, 'index': 'INPC', 'base_year': '1990'} 
2023-08-22 08:10:16,600 - INFO - Dados enviados com sucesso para o SAP BTP - DS4-400. 
2023-08-24 08:19:22,662 - INFO - {'taxValue': '1718.4101', 'year': '2023', 'month': 8, 'index': 'IPCA', 'base_year': '1980'} 
2023-08-24 08:19:26,430 - INFO - Dados enviados com sucesso para o SAP BTP - DS4-400. 
2023-08-24 08:19:27,804 - INFO - {'taxValue': '2651.4579', 'year': '2023', 'month': 8, 'index': 'IGPM', 'base_year': '1993'} 
2023-08-24 08:19:31,829 - INFO - Dados enviados com sucesso para o SAP BTP - DS4-400. 
2023-08-24 08:19:32,739 - INFO - {'taxValue': '2858.1684', 'year': '2023', 'month': 8, 'index': 'IGP', 'base_year': '1980'} 
2023-08-24 08:19:34,150 - INFO - Dados enviados com sucesso para o SAP BTP - DS4-400. 
2023-08-24 08:19:35,179 - INFO - {'taxValue': '1522.6129', 'year': '2023', 'month': 8, 'index': 'IPC', 'base_year': '1990'} 
2023-08-24 08:19:36,477 - INFO - Dados enviados com sucesso para o SAP BTP - DS4-400. 
2023-08-24 08:19:37,944 - INFO - {'taxValue': '1781.409', 'year': '2023', 'month': 8, 'index': 'INPC', 'base_year': '1990'} 
2023-08-24 08:19:38,865 - INFO - Dados enviados com sucesso para o SAP BTP - DS4-400. 
2023-08-25 08:10:05,431 - INFO - {'taxValue': '1718.4101', 'year': '2023', 'month': 8, 'index': 'IPCA', 'base_year': '1980'} 
2023-08-25 08:10:09,423 - INFO - Dados enviados com sucesso para o SAP BTP - DS4-400. 
2023-08-25 08:10:10,155 - INFO - {'taxValue': '2651.4579', 'year': '2023', 'month': 8, 'index': 'IGPM', 'base_year': '1993'} 
2023-08-25 08:10:11,873 - INFO - Dados enviados com sucesso para o SAP BTP - DS4-400. 
2023-08-25 08:10:12,690 - INFO - {'taxValue': '2858.1684', 'year': '2023', 'month': 8, 'index': 'IGP', 'base_year': '1980'} 
2023-08-25 08:10:14,219 - INFO - Dados enviados com sucesso para o SAP BTP - DS4-400. 
2023-08-25 08:10:14,960 - INFO - {'taxValue': '1522.6129', 'year': '2023', 'month': 8, 'index': 'IPC', 'base_year': '1990'} 
2023-08-25 08:10:15,917 - INFO - Dados enviados com sucesso para o SAP BTP - DS4-400. 
2023-08-25 08:10:16,575 - INFO - {'taxValue': '1781.409', 'year': '2023', 'month': 8, 'index': 'INPC', 'base_year': '1990'} 
2023-08-25 08:10:17,797 - INFO - Dados enviados com sucesso para o SAP BTP - DS4-400. 
2023-08-29 08:10:05,294 - INFO - {'taxValue': '1718.4101', 'year': '2023', 'month': 8, 'index': 'IPCA', 'base_year': '1980'} 
2023-08-29 08:10:08,755 - INFO - Dados enviados com sucesso para o SAP BTP - DS4-400. 
2023-08-29 08:10:09,626 - INFO - {'taxValue': '2651.4579', 'year': '2023', 'month': 8, 'index': 'IGPM', 'base_year': '1993'} 
2023-08-29 08:10:12,149 - INFO - Dados enviados com sucesso para o SAP BTP - DS4-400. 
2023-08-29 08:10:12,941 - INFO - {'taxValue': '2858.1684', 'year': '2023', 'month': 8, 'index': 'IGP', 'base_year': '1980'} 
2023-08-29 08:10:13,832 - INFO - Dados enviados com sucesso para o SAP BTP - DS4-400. 
2023-08-29 08:10:14,648 - INFO - {'taxValue': '1522.6129', 'year': '2023', 'month': 8, 'index': 'IPC', 'base_year': '1990'} 
2023-08-29 08:10:15,820 - INFO - Dados enviados com sucesso para o SAP BTP - DS4-400. 
2023-08-29 08:10:16,546 - INFO - {'taxValue': '1781.409', 'year': '2023', 'month': 8, 'index': 'INPC', 'base_year': '1990'} 
2023-08-29 08:10:17,838 - INFO - Dados enviados com sucesso para o SAP BTP - DS4-400. 
2023-08-30 08:10:05,335 - INFO - {'taxValue': '1718.4101', 'year': '2023', 'month': 8, 'index': 'IPCA', 'base_year': '1980'} 
2023-08-30 08:10:07,457 - INFO - Dados enviados com sucesso para o SAP BTP - DS4-400. 
2023-08-30 08:10:08,186 - INFO - {'taxValue': '2651.4579', 'year': '2023', 'month': 8, 'index': 'IGPM', 'base_year': '1993'} 
2023-08-30 08:10:09,785 - INFO - Dados enviados com sucesso para o SAP BTP - DS4-400. 
2023-08-30 08:10:11,412 - INFO - {'taxValue': '2858.1684', 'year': '2023', 'month': 8, 'index': 'IGP', 'base_year': '1980'} 
2023-08-30 08:10:12,598 - INFO - Dados enviados com sucesso para o SAP BTP - DS4-400. 
2023-08-30 08:10:13,318 - INFO - {'taxValue': '1522.6129', 'year': '2023', 'month': 8, 'index': 'IPC', 'base_year': '1990'} 
2023-08-30 08:10:14,479 - INFO - Dados enviados com sucesso para o SAP BTP - DS4-400. 
2023-08-30 08:10:15,143 - INFO - {'taxValue': '1781.409', 'year': '2023', 'month': 8, 'index': 'INPC', 'base_year': '1990'} 
2023-08-30 08:10:15,784 - INFO - Dados enviados com sucesso para o SAP BTP - DS4-400. 
2023-08-31 08:10:59,281 - INFO - {'taxValue': '1718.4101', 'year': '2023', 'month': 8, 'index': 'IPCA', 'base_year': '1980'} 
2023-08-31 08:11:02,098 - INFO - Dados enviados com sucesso para o SAP BTP - DS4-400. 
2023-08-31 08:11:03,349 - INFO - {'taxValue': '2651.4579', 'year': '2023', 'month': 8, 'index': 'IGPM', 'base_year': '1993'} 
2023-08-31 08:11:04,625 - INFO - Dados enviados com sucesso para o SAP BTP - DS4-400. 
2023-08-31 08:11:06,211 - INFO - {'taxValue': '2858.1684', 'year': '2023', 'month': 8, 'index': 'IGP', 'base_year': '1980'} 
2023-08-31 08:11:08,611 - INFO - Dados enviados com sucesso para o SAP BTP - DS4-400. 
2023-08-31 08:11:10,541 - INFO - {'taxValue': '1522.6129', 'year': '2023', 'month': 8, 'index': 'IPC', 'base_year': '1990'} 
2023-08-31 08:11:11,874 - INFO - Dados enviados com sucesso para o SAP BTP - DS4-400. 
2023-08-31 08:11:13,695 - INFO - {'taxValue': '1781.409', 'year': '2023', 'month': 8, 'index': 'INPC', 'base_year': '1990'} 
2023-08-31 08:11:14,913 - INFO - Dados enviados com sucesso para o SAP BTP - DS4-400. 
2023-09-01 08:10:07,037 - INFO - {'taxValue': '1718.4101', 'year': '2023', 'month': 8, 'index': 'IPCA', 'base_year': '1980'} 
2023-09-01 08:10:10,386 - INFO - Dados enviados com sucesso para o SAP BTP - DS4-400. 
2023-09-01 08:10:11,151 - INFO - {'taxValue': '2651.4579', 'year': '2023', 'month': 8, 'index': 'IGPM', 'base_year': '1993'} 
2023-09-01 08:10:13,145 - INFO - Dados enviados com sucesso para o SAP BTP - DS4-400. 
2023-09-01 08:10:14,162 - INFO - {'taxValue': '2858.1684', 'year': '2023', 'month': 8, 'index': 'IGP', 'base_year': '1980'} 
2023-09-01 08:10:15,141 - INFO - Dados enviados com sucesso para o SAP BTP - DS4-400. 
2023-09-01 08:10:15,855 - INFO - {'taxValue': '1522.6129', 'year': '2023', 'month': 8, 'index': 'IPC', 'base_year': '1990'} 
2023-09-01 08:10:17,052 - INFO - Dados enviados com sucesso para o SAP BTP - DS4-400. 
2023-09-01 08:10:18,154 - INFO - {'taxValue': '1781.409', 'year': '2023', 'month': 8, 'index': 'INPC', 'base_year': '1990'} 
2023-09-01 08:10:19,371 - INFO - Dados enviados com sucesso para o SAP BTP - DS4-400. 
2023-09-04 08:10:09,065 - INFO - {'taxValue': '1718.4101', 'year': '2023', 'month': 8, 'index': 'IPCA', 'base_year': '1980'} 
2023-09-04 08:10:13,053 - INFO - Dados enviados com sucesso para o SAP BTP - DS4-400. 
2023-09-04 08:10:14,106 - INFO - {'taxValue': '2651.4579', 'year': '2023', 'month': 8, 'index': 'IGPM', 'base_year': '1993'} 
2023-09-04 08:10:15,854 - INFO - Dados enviados com sucesso para o SAP BTP - DS4-400. 
2023-09-04 08:10:17,384 - INFO - {'taxValue': '2858.1684', 'year': '2023', 'month': 8, 'index': 'IGP', 'base_year': '1980'} 
2023-09-04 08:10:18,661 - INFO - Dados enviados com sucesso para o SAP BTP - DS4-400. 
2023-09-04 08:10:19,612 - INFO - {'taxValue': '1522.6129', 'year': '2023', 'month': 8, 'index': 'IPC', 'base_year': '1990'} 
2023-09-04 08:10:20,569 - INFO - Dados enviados com sucesso para o SAP BTP - DS4-400. 
2023-09-04 08:10:21,240 - INFO - {'taxValue': '1781.409', 'year': '2023', 'month': 8, 'index': 'INPC', 'base_year': '1990'} 
2023-09-04 08:10:22,187 - INFO - Dados enviados com sucesso para o SAP BTP - DS4-400. 
2023-09-05 08:10:06,085 - INFO - {'taxValue': '1718.4101', 'year': '2023', 'month': 8, 'index': 'IPCA', 'base_year': '1980'} 
2023-09-05 08:10:07,634 - INFO - Dados enviados com sucesso para o SAP BTP - DS4-400. 
2023-09-05 08:10:08,387 - INFO - {'taxValue': '2651.4579', 'year': '2023', 'month': 8, 'index': 'IGPM', 'base_year': '1993'} 
2023-09-05 08:10:09,680 - INFO - Dados enviados com sucesso para o SAP BTP - DS4-400. 
2023-09-05 08:10:10,740 - INFO - {'taxValue': '2858.1684', 'year': '2023', 'month': 8, 'index': 'IGP', 'base_year': '1980'} 
2023-09-05 08:10:11,812 - INFO - Dados enviados com sucesso para o SAP BTP - DS4-400. 
2023-09-05 08:10:12,741 - INFO - {'taxValue': '1522.6129', 'year': '2023', 'month': 8, 'index': 'IPC', 'base_year': '1990'} 
2023-09-05 08:10:14,802 - INFO - Dados enviados com sucesso para o SAP BTP - DS4-400. 
2023-09-05 08:10:15,488 - INFO - {'taxValue': '1781.409', 'year': '2023', 'month': 8, 'index': 'INPC', 'base_year': '1990'} 
2023-09-05 08:10:16,754 - INFO - Dados enviados com sucesso para o SAP BTP - DS4-400. 
2023-09-06 08:36:31,200 - INFO - {'taxValue': '1718.4101', 'year': '2023', 'month': 8, 'index': 'IPCA', 'base_year': '1980'} 
2023-09-06 08:36:33,732 - INFO - Dados enviados com sucesso para o SAP BTP - DS4-400. 
2023-09-06 08:36:34,660 - INFO - {'taxValue': '2651.4579', 'year': '2023', 'month': 8, 'index': 'IGPM', 'base_year': '1993'} 
2023-09-06 08:36:36,610 - INFO - Dados enviados com sucesso para o SAP BTP - DS4-400. 
2023-09-06 08:36:37,295 - INFO - {'taxValue': '2858.1684', 'year': '2023', 'month': 8, 'index': 'IGP', 'base_year': '1980'} 
2023-09-06 08:36:38,044 - INFO - Dados enviados com sucesso para o SAP BTP - DS4-400. 
2023-09-06 08:36:38,789 - INFO - {'taxValue': '1522.6129', 'year': '2023', 'month': 8, 'index': 'IPC', 'base_year': '1990'} 
2023-09-06 08:36:39,574 - INFO - Dados enviados com sucesso para o SAP BTP - DS4-400. 
2023-09-06 08:36:40,644 - INFO - {'taxValue': '1781.409', 'year': '2023', 'month': 8, 'index': 'INPC', 'base_year': '1990'} 
2023-09-06 08:36:41,937 - INFO - Dados enviados com sucesso para o SAP BTP - DS4-400. 
2023-09-11 08:10:09,623 - INFO - {'taxValue': '1718.4101', 'year': '2023', 'month': 8, 'index': 'IPCA', 'base_year': '1980'} 
2023-09-11 08:10:13,499 - INFO - Dados enviados com sucesso para o SAP BTP - DS4-400. 
2023-09-11 08:10:14,718 - INFO - {'taxValue': '2651.4579', 'year': '2023', 'month': 8, 'index': 'IGPM', 'base_year': '1993'} 
2023-09-11 08:10:17,721 - INFO - Dados enviados com sucesso para o SAP BTP - DS4-400. 
2023-09-11 08:10:18,564 - INFO - {'taxValue': '2858.1684', 'year': '2023', 'month': 8, 'index': 'IGP', 'base_year': '1980'} 
2023-09-11 08:10:19,612 - INFO - Dados enviados com sucesso para o SAP BTP - DS4-400. 
2023-09-11 08:10:20,973 - INFO - {'taxValue': '1522.6129', 'year': '2023', 'month': 8, 'index': 'IPC', 'base_year': '1990'} 
2023-09-11 08:10:22,544 - INFO - Dados enviados com sucesso para o SAP BTP - DS4-400. 
2023-09-11 08:10:23,281 - INFO - {'taxValue': '1781.409', 'year': '2023', 'month': 8, 'index': 'INPC', 'base_year': '1990'} 
2023-09-11 08:10:24,197 - INFO - Dados enviados com sucesso para o SAP BTP - DS4-400. 
2023-09-12 11:25:17,464 - INFO - {'taxValue': '1718.4101', 'year': '2023', 'month': 8, 'index': 'IPCA', 'base_year': '1980'} 
2023-09-12 11:25:19,875 - INFO - Dados enviados com sucesso para o SAP BTP - DS4-400. 
2023-09-12 11:25:21,022 - INFO - {'taxValue': '2647.7459', 'year': '2023', 'month': 9, 'index': 'IGPM', 'base_year': '1993'} 
2023-09-12 11:25:23,759 - INFO - Dados enviados com sucesso para o SAP BTP - DS4-400. 
2023-09-12 11:25:24,748 - INFO - {'taxValue': '2859.5975', 'year': '2023', 'month': 9, 'index': 'IGP', 'base_year': '1980'} 
2023-09-12 11:25:26,297 - INFO - Dados enviados com sucesso para o SAP BTP - DS4-400. 
2023-09-12 11:25:27,353 - INFO - {'taxValue': '1522.6129', 'year': '2023', 'month': 8, 'index': 'IPC', 'base_year': '1990'} 
2023-09-12 11:25:28,470 - INFO - Dados enviados com sucesso para o SAP BTP - DS4-400. 
2023-09-12 11:25:29,355 - INFO - {'taxValue': '1781.409', 'year': '2023', 'month': 8, 'index': 'INPC', 'base_year': '1990'} 
2023-09-12 11:25:31,613 - INFO - Dados enviados com sucesso para o SAP BTP - DS4-400. 
2023-09-13 08:10:06,317 - INFO - {'taxValue': '1718.4101', 'year': '2023', 'month': 8, 'index': 'IPCA', 'base_year': '1980'} 
2023-09-13 08:10:08,593 - INFO - Dados enviados com sucesso para o SAP BTP - DS4-400. 
2023-09-13 08:10:09,890 - INFO - {'taxValue': '2647.7459', 'year': '2023', 'month': 9, 'index': 'IGPM', 'base_year': '1993'} 
2023-09-13 08:10:11,355 - INFO - Dados enviados com sucesso para o SAP BTP - DS4-400. 
2023-09-13 08:10:12,078 - INFO - {'taxValue': '2859.5975', 'year': '2023', 'month': 9, 'index': 'IGP', 'base_year': '1980'} 
2023-09-13 08:10:13,193 - INFO - Dados enviados com sucesso para o SAP BTP - DS4-400. 
2023-09-13 08:10:14,123 - INFO - {'taxValue': '1522.6129', 'year': '2023', 'month': 8, 'index': 'IPC', 'base_year': '1990'} 
2023-09-13 08:10:15,873 - INFO - Dados enviados com sucesso para o SAP BTP - DS4-400. 
2023-09-13 08:10:16,569 - INFO - {'taxValue': '1781.409', 'year': '2023', 'month': 8, 'index': 'INPC', 'base_year': '1990'} 
2023-09-13 08:10:18,068 - INFO - Dados enviados com sucesso para o SAP BTP - DS4-400. 
2023-09-14 08:31:18,932 - INFO - {'taxValue': '1718.4101', 'year': '2023', 'month': 8, 'index': 'IPCA', 'base_year': '1980'} 
2023-09-14 08:31:20,339 - INFO - Dados enviados com sucesso para o SAP BTP - DS4-400. 
2023-09-14 08:31:21,215 - INFO - {'taxValue': '2647.7459', 'year': '2023', 'month': 9, 'index': 'IGPM', 'base_year': '1993'} 
2023-09-14 08:31:22,465 - INFO - Dados enviados com sucesso para o SAP BTP - DS4-400. 
2023-09-14 08:31:23,258 - INFO - {'taxValue': '2859.5975', 'year': '2023', 'month': 9, 'index': 'IGP', 'base_year': '1980'} 
2023-09-14 08:31:24,080 - INFO - Dados enviados com sucesso para o SAP BTP - DS4-400. 
2023-09-14 08:31:25,003 - INFO - {'taxValue': '1522.6129', 'year': '2023', 'month': 8, 'index': 'IPC', 'base_year': '1990'} 
2023-09-14 08:31:26,000 - INFO - Dados enviados com sucesso para o SAP BTP - DS4-400. 
2023-09-14 08:31:26,741 - INFO - {'taxValue': '1781.409', 'year': '2023', 'month': 8, 'index': 'INPC', 'base_year': '1990'} 
2023-09-14 08:31:27,805 - INFO - Dados enviados com sucesso para o SAP BTP - DS4-400. 
2023-09-15 08:10:06,355 - INFO - {'taxValue': '1718.4101', 'year': '2023', 'month': 8, 'index': 'IPCA', 'base_year': '1980'} 
2023-09-15 08:10:09,073 - INFO - Dados enviados com sucesso para o SAP BTP - DS4-400. 
2023-09-15 08:10:09,934 - INFO - {'taxValue': '2647.7459', 'year': '2023', 'month': 9, 'index': 'IGPM', 'base_year': '1993'} 
2023-09-15 08:10:11,362 - INFO - Dados enviados com sucesso para o SAP BTP - DS4-400. 
2023-09-15 08:10:12,171 - INFO - {'taxValue': '2859.5975', 'year': '2023', 'month': 9, 'index': 'IGP', 'base_year': '1980'} 
2023-09-18 08:10:08,101 - INFO - {'taxValue': '1718.4101', 'year': '2023', 'month': 8, 'index': 'IPCA', 'base_year': '1980'} 
2023-09-18 08:10:11,643 - INFO - Dados enviados com sucesso para o SAP BTP - DS4-400. 
2023-09-18 08:10:12,565 - INFO - {'taxValue': '2647.7459', 'year': '2023', 'month': 9, 'index': 'IGPM', 'base_year': '1993'} 
2023-09-18 08:10:15,954 - INFO - Dados enviados com sucesso para o SAP BTP - DS4-400. 
2023-09-18 08:10:16,678 - INFO - {'taxValue': '2859.5975', 'year': '2023', 'month': 9, 'index': 'IGP', 'base_year': '1980'} 
2023-09-18 08:10:17,959 - INFO - Dados enviados com sucesso para o SAP BTP - DS4-400. 
2023-09-18 08:10:19,659 - INFO - {'taxValue': '1522.6129', 'year': '2023', 'month': 8, 'index': 'IPC', 'base_year': '1990'} 
2023-09-18 08:10:20,582 - INFO - Dados enviados com sucesso para o SAP BTP - DS4-400. 
2023-09-18 08:10:21,224 - INFO - {'taxValue': '1781.409', 'year': '2023', 'month': 8, 'index': 'INPC', 'base_year': '1990'} 
2023-09-18 08:10:22,138 - INFO - Dados enviados com sucesso para o SAP BTP - DS4-400. 
2023-09-19 08:55:55,460 - INFO - {'taxValue': '1718.4101', 'year': '2023', 'month': 8, 'index': 'IPCA', 'base_year': '1980'} 
2023-09-19 08:55:57,978 - INFO - Dados enviados com sucesso para o SAP BTP - DS4-400. 
2023-09-19 08:55:59,071 - INFO - {'taxValue': '2647.7459', 'year': '2023', 'month': 9, 'index': 'IGPM', 'base_year': '1993'} 
2023-09-19 08:56:01,298 - INFO - Dados enviados com sucesso para o SAP BTP - DS4-400. 
2023-09-19 08:56:03,064 - INFO - {'taxValue': '2859.5975', 'year': '2023', 'month': 9, 'index': 'IGP', 'base_year': '1980'} 
2023-09-19 08:56:04,940 - INFO - Dados enviados com sucesso para o SAP BTP - DS4-400. 
2023-09-19 08:56:06,042 - INFO - {'taxValue': '1522.6129', 'year': '2023', 'month': 8, 'index': 'IPC', 'base_year': '1990'} 
2023-09-19 08:56:07,120 - INFO - Dados enviados com sucesso para o SAP BTP - DS4-400. 
2023-09-19 08:56:08,221 - INFO - {'taxValue': '1781.409', 'year': '2023', 'month': 8, 'index': 'INPC', 'base_year': '1990'} 
2023-09-19 08:56:09,564 - INFO - Dados enviados com sucesso para o SAP BTP - DS4-400. 
2023-09-20 08:10:08,711 - INFO - {'taxValue': '1718.4101', 'year': '2023', 'month': 8, 'index': 'IPCA', 'base_year': '1980'} 
2023-09-20 08:10:11,382 - INFO - Dados enviados com sucesso para o SAP BTP - DS4-400. 
2023-09-20 08:10:12,743 - INFO - {'taxValue': '2647.7459', 'year': '2023', 'month': 9, 'index': 'IGPM', 'base_year': '1993'} 
2023-09-20 08:10:15,215 - INFO - Dados enviados com sucesso para o SAP BTP - DS4-400. 
2023-09-20 08:10:17,260 - INFO - {'taxValue': '2859.5975', 'year': '2023', 'month': 9, 'index': 'IGP', 'base_year': '1980'} 
2023-09-20 08:10:18,719 - INFO - Dados enviados com sucesso para o SAP BTP - DS4-400. 
2023-09-20 08:10:20,478 - INFO - {'taxValue': '1522.6129', 'year': '2023', 'month': 8, 'index': 'IPC', 'base_year': '1990'} 
2023-09-20 08:10:21,109 - INFO - Dados enviados com sucesso para o SAP BTP - DS4-400. 
2023-09-20 08:10:22,231 - INFO - {'taxValue': '1781.409', 'year': '2023', 'month': 8, 'index': 'INPC', 'base_year': '1990'} 
2023-09-20 08:10:23,149 - INFO - Dados enviados com sucesso para o SAP BTP - DS4-400. 
2023-09-21 08:10:05,987 - INFO - {'taxValue': '1718.4101', 'year': '2023', 'month': 8, 'index': 'IPCA', 'base_year': '1980'} 
2023-09-21 08:10:07,480 - INFO - Dados enviados com sucesso para o SAP BTP - DS4-400. 
2023-09-21 08:10:08,266 - INFO - {'taxValue': '2647.7459', 'year': '2023', 'month': 9, 'index': 'IGPM', 'base_year': '1993'} 
2023-09-21 08:10:09,514 - INFO - Dados enviados com sucesso para o SAP BTP - DS4-400. 
2023-09-21 08:10:10,548 - INFO - {'taxValue': '2859.5975', 'year': '2023', 'month': 9, 'index': 'IGP', 'base_year': '1980'} 
2023-09-21 08:10:12,312 - INFO - Dados enviados com sucesso para o SAP BTP - DS4-400. 
2023-09-21 08:10:13,040 - INFO - {'taxValue': '1522.6129', 'year': '2023', 'month': 8, 'index': 'IPC', 'base_year': '1990'} 
2023-09-21 08:10:14,864 - INFO - Dados enviados com sucesso para o SAP BTP - DS4-400. 
2023-09-21 08:10:15,880 - INFO - {'taxValue': '1781.409', 'year': '2023', 'month': 8, 'index': 'INPC', 'base_year': '1990'} 
2023-09-21 08:10:16,996 - INFO - Dados enviados com sucesso para o SAP BTP - DS4-400. 
2023-09-22 08:36:49,499 - INFO - {'taxValue': '1718.4101', 'year': '2023', 'month': 8, 'index': 'IPCA', 'base_year': '1980'} 
2023-09-22 08:36:52,680 - INFO - Dados enviados com sucesso para o SAP BTP - DS4-400. 
2023-09-22 08:36:54,539 - INFO - {'taxValue': '2647.7459', 'year': '2023', 'month': 9, 'index': 'IGPM', 'base_year': '1993'} 
2023-09-22 08:36:56,260 - INFO - Dados enviados com sucesso para o SAP BTP - DS4-400. 
2023-09-22 08:36:57,718 - INFO - {'taxValue': '2859.5975', 'year': '2023', 'month': 9, 'index': 'IGP', 'base_year': '1980'} 
2023-09-22 08:36:58,719 - INFO - Dados enviados com sucesso para o SAP BTP - DS4-400. 
2023-09-22 08:36:59,479 - INFO - {'taxValue': '1522.6129', 'year': '2023', 'month': 8, 'index': 'IPC', 'base_year': '1990'} 
2023-09-22 08:37:00,440 - INFO - Dados enviados com sucesso para o SAP BTP - DS4-400. 
2023-09-22 08:37:01,211 - INFO - {'taxValue': '1781.409', 'year': '2023', 'month': 8, 'index': 'INPC', 'base_year': '1990'} 
2023-09-22 08:37:02,121 - INFO - Dados enviados com sucesso para o SAP BTP - DS4-400. 
2023-09-25 08:10:06,741 - INFO - {'taxValue': '1718.4101', 'year': '2023', 'month': 8, 'index': 'IPCA', 'base_year': '1980'} 
2023-09-25 08:10:10,857 - INFO - Dados enviados com sucesso para o SAP BTP - DS4-400. 
2023-09-25 08:10:11,595 - INFO - {'taxValue': '2647.7459', 'year': '2023', 'month': 9, 'index': 'IGPM', 'base_year': '1993'} 
2023-09-25 08:10:14,496 - INFO - Dados enviados com sucesso para o SAP BTP - DS4-400. 
2023-09-25 08:10:15,511 - INFO - {'taxValue': '2859.5975', 'year': '2023', 'month': 9, 'index': 'IGP', 'base_year': '1980'} 
2023-09-25 08:10:16,514 - INFO - Dados enviados com sucesso para o SAP BTP - DS4-400. 
2023-09-25 08:10:17,648 - INFO - {'taxValue': '1522.6129', 'year': '2023', 'month': 8, 'index': 'IPC', 'base_year': '1990'} 
2023-09-25 08:10:18,484 - INFO - Dados enviados com sucesso para o SAP BTP - DS4-400. 
2023-09-25 08:10:19,162 - INFO - {'taxValue': '1781.409', 'year': '2023', 'month': 8, 'index': 'INPC', 'base_year': '1990'} 
2023-09-25 08:10:20,220 - INFO - Dados enviados com sucesso para o SAP BTP - DS4-400. 
2023-09-26 08:10:06,635 - INFO - {'taxValue': '1718.4101', 'year': '2023', 'month': 8, 'index': 'IPCA', 'base_year': '1980'} 
2023-09-26 08:10:09,681 - INFO - Dados enviados com sucesso para o SAP BTP - DS4-400. 
2023-09-26 08:10:11,800 - INFO - {'taxValue': '2647.7459', 'year': '2023', 'month': 9, 'index': 'IGPM', 'base_year': '1993'} 
2023-09-26 08:10:13,032 - INFO - Dados enviados com sucesso para o SAP BTP - DS4-400. 
2023-09-26 08:10:13,899 - INFO - {'taxValue': '2859.5975', 'year': '2023', 'month': 9, 'index': 'IGP', 'base_year': '1980'} 
2023-09-26 08:10:16,814 - INFO - Dados enviados com sucesso para o SAP BTP - DS4-400. 
2023-09-26 08:10:19,111 - INFO - {'taxValue': '1522.6129', 'year': '2023', 'month': 8, 'index': 'IPC', 'base_year': '1990'} 
2023-09-26 08:10:20,168 - INFO - Dados enviados com sucesso para o SAP BTP - DS4-400. 
2023-09-26 08:10:21,027 - INFO - {'taxValue': '1781.409', 'year': '2023', 'month': 8, 'index': 'INPC', 'base_year': '1990'} 
2023-09-26 08:10:22,071 - INFO - Dados enviados com sucesso para o SAP BTP - DS4-400. 
2023-09-27 08:10:06,857 - INFO - {'taxValue': '1718.4101', 'year': '2023', 'month': 8, 'index': 'IPCA', 'base_year': '1980'} 
2023-09-27 08:10:35,418 - INFO - Dados enviados com sucesso para o SAP BTP - DS4-400. 
2023-09-27 08:10:36,262 - INFO - {'taxValue': '2647.7459', 'year': '2023', 'month': 9, 'index': 'IGPM', 'base_year': '1993'} 
2023-09-27 08:10:38,779 - INFO - Dados enviados com sucesso para o SAP BTP - DS4-400. 
2023-09-27 08:10:39,911 - INFO - {'taxValue': '2859.5975', 'year': '2023', 'month': 9, 'index': 'IGP', 'base_year': '1980'} 
2023-09-27 08:10:41,493 - INFO - Dados enviados com sucesso para o SAP BTP - DS4-400. 
2023-09-27 08:10:42,774 - INFO - {'taxValue': '1522.6129', 'year': '2023', 'month': 8, 'index': 'IPC', 'base_year': '1990'} 
2023-09-27 08:10:43,634 - INFO - Dados enviados com sucesso para o SAP BTP - DS4-400. 
2023-09-27 08:10:44,325 - INFO - {'taxValue': '1781.409', 'year': '2023', 'month': 8, 'index': 'INPC', 'base_year': '1990'} 
2023-09-27 08:10:45,496 - INFO - Dados enviados com sucesso para o SAP BTP - DS4-400. 
2023-09-28 08:10:06,478 - INFO - {'taxValue': '1718.4101', 'year': '2023', 'month': 8, 'index': 'IPCA', 'base_year': '1980'} 
2023-09-28 08:10:08,392 - INFO - Dados enviados com sucesso para o SAP BTP - DS4-400. 
2023-09-28 08:10:09,592 - INFO - {'taxValue': '2647.7459', 'year': '2023', 'month': 9, 'index': 'IGPM', 'base_year': '1993'} 
2023-09-28 08:10:11,061 - INFO - Dados enviados com sucesso para o SAP BTP - DS4-400. 
2023-09-28 08:10:11,857 - INFO - {'taxValue': '2859.5975', 'year': '2023', 'month': 9, 'index': 'IGP', 'base_year': '1980'} 
2023-09-28 08:10:12,650 - INFO - Dados enviados com sucesso para o SAP BTP - DS4-400. 
2023-09-28 08:10:13,597 - INFO - {'taxValue': '1522.6129', 'year': '2023', 'month': 8, 'index': 'IPC', 'base_year': '1990'} 
2023-09-28 08:10:14,827 - INFO - Dados enviados com sucesso para o SAP BTP - DS4-400. 
2023-09-28 08:10:15,573 - INFO - {'taxValue': '1781.409', 'year': '2023', 'month': 8, 'index': 'INPC', 'base_year': '1990'} 
2023-09-28 08:10:17,188 - INFO - Dados enviados com sucesso para o SAP BTP - DS4-400. 
2023-09-29 08:10:07,664 - INFO - {'taxValue': '1718.4101', 'year': '2023', 'month': 8, 'index': 'IPCA', 'base_year': '1980'} 
2023-09-29 08:10:09,414 - INFO - Dados enviados com sucesso para o SAP BTP - DS4-400. 
2023-09-29 08:10:10,256 - INFO - {'taxValue': '2647.7459', 'year': '2023', 'month': 9, 'index': 'IGPM', 'base_year': '1993'} 
2023-09-29 08:10:12,399 - INFO - Dados enviados com sucesso para o SAP BTP - DS4-400. 
2023-09-29 08:10:13,527 - INFO - {'taxValue': '2859.5975', 'year': '2023', 'month': 9, 'index': 'IGP', 'base_year': '1980'} 
2023-09-29 08:10:14,512 - INFO - Dados enviados com sucesso para o SAP BTP - DS4-400. 
2023-09-29 08:10:15,718 - INFO - {'taxValue': '1522.6129', 'year': '2023', 'month': 8, 'index': 'IPC', 'base_year': '1990'} 
2023-09-29 08:10:17,178 - INFO - Dados enviados com sucesso para o SAP BTP - DS4-400. 
2023-09-29 08:10:17,827 - INFO - {'taxValue': '1781.409', 'year': '2023', 'month': 8, 'index': 'INPC', 'base_year': '1990'} 
2023-09-29 08:10:18,789 - INFO - Dados enviados com sucesso para o SAP BTP - DS4-400. 
2023-10-02 08:10:07,296 - INFO - {'taxValue': '1718.4101', 'year': '2023', 'month': 8, 'index': 'IPCA', 'base_year': '1980'} 
2023-10-02 08:10:51,089 - INFO - Dados enviados com sucesso para o SAP BTP - DS4-400. 
2023-10-02 08:10:51,996 - INFO - {'taxValue': '2647.7459', 'year': '2023', 'month': 9, 'index': 'IGPM', 'base_year': '1993'} 
2023-10-02 08:10:53,346 - INFO - Dados enviados com sucesso para o SAP BTP - DS4-400. 
2023-10-02 08:10:54,206 - INFO - {'taxValue': '2859.5975', 'year': '2023', 'month': 9, 'index': 'IGP', 'base_year': '1980'} 
2023-10-02 08:10:57,853 - INFO - Dados enviados com sucesso para o SAP BTP - DS4-400. 
2023-10-02 08:10:59,035 - INFO - {'taxValue': '1522.6129', 'year': '2023', 'month': 8, 'index': 'IPC', 'base_year': '1990'} 
2023-10-02 08:11:00,638 - INFO - Dados enviados com sucesso para o SAP BTP - DS4-400. 
2023-10-02 08:11:01,832 - INFO - {'taxValue': '1781.409', 'year': '2023', 'month': 8, 'index': 'INPC', 'base_year': '1990'} 
2023-10-02 08:11:02,726 - INFO - Dados enviados com sucesso para o SAP BTP - DS4-400. 
2023-10-03 08:10:06,780 - INFO - {'taxValue': '1718.4101', 'year': '2023', 'month': 8, 'index': 'IPCA', 'base_year': '1980'} 
2023-10-03 08:10:08,779 - INFO - Dados enviados com sucesso para o SAP BTP - DS4-400. 
2023-10-03 08:10:09,913 - INFO - {'taxValue': '2647.7459', 'year': '2023', 'month': 9, 'index': 'IGPM', 'base_year': '1993'} 
2023-10-03 08:10:11,346 - INFO - Dados enviados com sucesso para o SAP BTP - DS4-400. 
2023-10-03 08:10:12,122 - INFO - {'taxValue': '2859.5975', 'year': '2023', 'month': 9, 'index': 'IGP', 'base_year': '1980'} 
2023-10-03 08:10:13,274 - INFO - Dados enviados com sucesso para o SAP BTP - DS4-400. 
2023-10-03 08:10:14,306 - INFO - {'taxValue': '1522.6129', 'year': '2023', 'month': 8, 'index': 'IPC', 'base_year': '1990'} 
2023-10-03 08:10:15,243 - INFO - Dados enviados com sucesso para o SAP BTP - DS4-400. 
2023-10-03 08:10:16,264 - INFO - {'taxValue': '1781.409', 'year': '2023', 'month': 8, 'index': 'INPC', 'base_year': '1990'} 
2023-10-03 08:10:17,659 - INFO - Dados enviados com sucesso para o SAP BTP - DS4-400. 
2023-10-04 08:10:06,596 - INFO - {'taxValue': '1718.4101', 'year': '2023', 'month': 8, 'index': 'IPCA', 'base_year': '1980'} 
2023-10-04 08:10:09,615 - INFO - Dados enviados com sucesso para o SAP BTP - DS4-400. 
2023-10-04 08:10:11,277 - INFO - {'taxValue': '2647.7459', 'year': '2023', 'month': 9, 'index': 'IGPM', 'base_year': '1993'} 
2023-10-04 08:10:13,649 - INFO - Dados enviados com sucesso para o SAP BTP - DS4-400. 
2023-10-04 08:10:15,273 - INFO - {'taxValue': '2859.5975', 'year': '2023', 'month': 9, 'index': 'IGP', 'base_year': '1980'} 
2023-10-04 08:10:17,606 - INFO - Dados enviados com sucesso para o SAP BTP - DS4-400. 
2023-10-04 08:10:19,299 - INFO - {'taxValue': '1522.6129', 'year': '2023', 'month': 8, 'index': 'IPC', 'base_year': '1990'} 
2023-10-04 08:10:21,185 - INFO - Dados enviados com sucesso para o SAP BTP - DS4-400. 
2023-10-04 08:10:21,929 - INFO - {'taxValue': '1781.409', 'year': '2023', 'month': 8, 'index': 'INPC', 'base_year': '1990'} 
2023-10-04 08:10:23,611 - INFO - Dados enviados com sucesso para o SAP BTP - DS4-400. 
2023-10-05 08:10:06,802 - INFO - {'taxValue': '1718.4101', 'year': '2023', 'month': 8, 'index': 'IPCA', 'base_year': '1980'} 
2023-10-05 08:10:09,381 - INFO - Dados enviados com sucesso para o SAP BTP - DS4-400. 
2023-10-05 08:10:10,986 - INFO - {'taxValue': '2647.7459', 'year': '2023', 'month': 9, 'index': 'IGPM', 'base_year': '1993'} 
2023-10-05 08:10:14,217 - INFO - Dados enviados com sucesso para o SAP BTP - DS4-400. 
2023-10-05 08:10:15,521 - INFO - {'taxValue': '2859.5975', 'year': '2023', 'month': 9, 'index': 'IGP', 'base_year': '1980'} 
2023-10-05 08:10:17,455 - INFO - Dados enviados com sucesso para o SAP BTP - DS4-400. 
2023-10-05 08:10:18,294 - INFO - {'taxValue': '1522.6129', 'year': '2023', 'month': 8, 'index': 'IPC', 'base_year': '1990'} 
2023-10-05 08:10:20,455 - INFO - Dados enviados com sucesso para o SAP BTP - DS4-400. 
2023-10-05 08:10:21,115 - INFO - {'taxValue': '1781.409', 'year': '2023', 'month': 8, 'index': 'INPC', 'base_year': '1990'} 
2023-10-05 08:10:22,798 - INFO - Dados enviados com sucesso para o SAP BTP - DS4-400. 
2023-10-06 08:11:43,373 - INFO - {'taxValue': '1718.4101', 'year': '2023', 'month': 8, 'index': 'IPCA', 'base_year': '1980'} 
2023-10-06 08:11:45,853 - INFO - Dados enviados com sucesso para o SAP BTP - DS4-400. 
2023-10-06 08:11:47,435 - INFO - {'taxValue': '2647.7459', 'year': '2023', 'month': 9, 'index': 'IGPM', 'base_year': '1993'} 
2023-10-06 08:11:49,886 - INFO - Dados enviados com sucesso para o SAP BTP - DS4-400. 
2023-10-06 08:11:50,905 - INFO - {'taxValue': '2859.5975', 'year': '2023', 'month': 9, 'index': 'IGP', 'base_year': '1980'} 
2023-10-06 08:11:52,964 - INFO - Dados enviados com sucesso para o SAP BTP - DS4-400. 
2023-10-06 08:11:54,961 - INFO - {'taxValue': '1522.6129', 'year': '2023', 'month': 8, 'index': 'IPC', 'base_year': '1990'} 
2023-10-06 08:11:56,195 - INFO - Dados enviados com sucesso para o SAP BTP - DS4-400. 
2023-10-06 08:11:58,189 - INFO - {'taxValue': '1781.409', 'year': '2023', 'month': 8, 'index': 'INPC', 'base_year': '1990'} 
2023-10-06 08:12:00,036 - INFO - Dados enviados com sucesso para o SAP BTP - DS4-400. 
2023-10-09 08:10:08,084 - INFO - {'taxValue': '1718.4101', 'year': '2023', 'month': 8, 'index': 'IPCA', 'base_year': '1980'} 
2023-10-09 08:10:11,543 - INFO - Dados enviados com sucesso para o SAP BTP - DS4-400. 
2023-10-09 08:10:12,633 - INFO - {'taxValue': '2647.7459', 'year': '2023', 'month': 9, 'index': 'IGPM', 'base_year': '1993'} 
2023-10-09 08:10:15,081 - INFO - Dados enviados com sucesso para o SAP BTP - DS4-400. 
2023-10-09 08:10:15,884 - INFO - {'taxValue': '2859.5975', 'year': '2023', 'month': 9, 'index': 'IGP', 'base_year': '1980'} 
2023-10-09 08:10:16,616 - INFO - Dados enviados com sucesso para o SAP BTP - DS4-400. 
2023-10-09 08:10:17,556 - INFO - {'taxValue': '1522.6129', 'year': '2023', 'month': 8, 'index': 'IPC', 'base_year': '1990'} 
2023-10-09 08:10:18,427 - INFO - Dados enviados com sucesso para o SAP BTP - DS4-400. 
2023-10-09 08:10:19,541 - INFO - {'taxValue': '1781.409', 'year': '2023', 'month': 8, 'index': 'INPC', 'base_year': '1990'} 
2023-10-09 08:10:20,171 - INFO - Dados enviados com sucesso para o SAP BTP - DS4-400. 
2023-10-10 08:10:06,107 - INFO - {'taxValue': '1722.3624', 'year': '2023', 'month': 9, 'index': 'IPCA', 'base_year': '1980'} 
2023-10-10 08:10:07,961 - INFO - Dados enviados com sucesso para o SAP BTP - DS4-400. 
2023-10-10 08:10:09,514 - INFO - {'taxValue': '2657.5425', 'year': '2023', 'month': 10, 'index': 'IGPM', 'base_year': '1993'} 
2023-10-10 08:10:10,613 - INFO - Dados enviados com sucesso para o SAP BTP - DS4-400. 
2023-10-10 08:10:11,377 - INFO - {'taxValue': '2872.4657', 'year': '2023', 'month': 10, 'index': 'IGP', 'base_year': '1980'} 
2023-10-10 08:10:18,823 - INFO - Dados enviados com sucesso para o SAP BTP - DS4-400. 
2023-10-10 08:10:20,117 - INFO - {'taxValue': '1523.9745', 'year': '2023', 'month': 10, 'index': 'IPC', 'base_year': '1990'} 
2023-10-10 08:10:21,329 - INFO - Dados enviados com sucesso para o SAP BTP - DS4-400. 
2023-10-10 08:10:22,518 - INFO - {'taxValue': '1784.9718', 'year': '2023', 'month': 9, 'index': 'INPC', 'base_year': '1990'} 
2023-10-10 08:10:23,864 - INFO - Dados enviados com sucesso para o SAP BTP - DS4-400. 
2023-10-16 08:10:09,262 - INFO - {'taxValue': '1722.3624', 'year': '2023', 'month': 9, 'index': 'IPCA', 'base_year': '1980'} 
2023-10-16 08:10:12,585 - INFO - Dados enviados com sucesso para o SAP BTP - DS4-400. 
2023-10-16 08:10:13,259 - INFO - {'taxValue': '2657.5425', 'year': '2023', 'month': 10, 'index': 'IGPM', 'base_year': '1993'} 
2023-10-16 08:10:15,859 - INFO - Dados enviados com sucesso para o SAP BTP - DS4-400. 
2023-10-16 08:10:17,045 - INFO - {'taxValue': '2872.4657', 'year': '2023', 'month': 10, 'index': 'IGP', 'base_year': '1980'} 
2023-10-16 08:10:18,243 - INFO - Dados enviados com sucesso para o SAP BTP - DS4-400. 
2023-10-16 08:10:19,085 - INFO - {'taxValue': '1523.9745', 'year': '2023', 'month': 10, 'index': 'IPC', 'base_year': '1990'} 
2023-10-16 08:10:19,937 - INFO - Dados enviados com sucesso para o SAP BTP - DS4-400. 
2023-10-16 08:10:20,942 - INFO - {'taxValue': '1784.9718', 'year': '2023', 'month': 9, 'index': 'INPC', 'base_year': '1990'} 
2023-10-16 08:10:21,595 - INFO - Dados enviados com sucesso para o SAP BTP - DS4-400. 
2023-10-17 08:10:06,748 - INFO - {'taxValue': '1722.3624', 'year': '2023', 'month': 9, 'index': 'IPCA', 'base_year': '1980'} 
2023-10-17 08:10:09,206 - INFO - Dados enviados com sucesso para o SAP BTP - DS4-400. 
2023-10-17 08:10:10,006 - INFO - {'taxValue': '2657.5425', 'year': '2023', 'month': 10, 'index': 'IGPM', 'base_year': '1993'} 
2023-10-17 08:10:11,065 - INFO - Dados enviados com sucesso para o SAP BTP - DS4-400. 
2023-10-17 08:10:12,231 - INFO - {'taxValue': '2872.4657', 'year': '2023', 'month': 10, 'index': 'IGP', 'base_year': '1980'} 
2023-10-17 08:10:13,881 - INFO - Dados enviados com sucesso para o SAP BTP - DS4-400. 
2023-10-17 08:10:15,101 - INFO - {'taxValue': '1523.9745', 'year': '2023', 'month': 10, 'index': 'IPC', 'base_year': '1990'} 
2023-10-17 08:10:15,890 - INFO - Dados enviados com sucesso para o SAP BTP - DS4-400. 
2023-10-17 08:10:16,982 - INFO - {'taxValue': '1784.9718', 'year': '2023', 'month': 9, 'index': 'INPC', 'base_year': '1990'} 
2023-10-17 08:10:17,712 - INFO - Dados enviados com sucesso para o SAP BTP - DS4-400. 
2023-10-20 08:10:06,412 - INFO - {'taxValue': '1722.3624', 'year': '2023', 'month': 9, 'index': 'IPCA', 'base_year': '1980'} 
2023-10-20 08:10:09,625 - INFO - Dados enviados com sucesso para o SAP BTP - DS4-400. 
2023-10-20 08:10:10,831 - INFO - {'taxValue': '2657.5425', 'year': '2023', 'month': 10, 'index': 'IGPM', 'base_year': '1993'} 
2023-10-20 08:10:13,948 - INFO - Dados enviados com sucesso para o SAP BTP - DS4-400. 
2023-10-20 08:10:15,052 - INFO - {'taxValue': '2872.4657', 'year': '2023', 'month': 10, 'index': 'IGP', 'base_year': '1980'} 
2023-10-20 08:10:15,797 - INFO - Dados enviados com sucesso para o SAP BTP - DS4-400. 
2023-10-20 08:10:17,476 - INFO - {'taxValue': '1523.9745', 'year': '2023', 'month': 10, 'index': 'IPC', 'base_year': '1990'} 
2023-10-20 08:10:18,150 - INFO - Dados enviados com sucesso para o SAP BTP - DS4-400. 
2023-10-20 08:10:18,870 - INFO - {'taxValue': '1784.9718', 'year': '2023', 'month': 9, 'index': 'INPC', 'base_year': '1990'} 
2023-10-20 08:10:20,068 - INFO - Dados enviados com sucesso para o SAP BTP - DS4-400. 
2023-10-23 08:10:06,327 - INFO - {'taxValue': '1722.3624', 'year': '2023', 'month': 9, 'index': 'IPCA', 'base_year': '1980'} 
2023-10-23 08:10:09,622 - INFO - Dados enviados com sucesso para o SAP BTP - DS4-400. 
2023-10-23 08:10:10,392 - INFO - {'taxValue': '2657.5425', 'year': '2023', 'month': 10, 'index': 'IGPM', 'base_year': '1993'} 
2023-10-23 08:10:13,054 - INFO - Dados enviados com sucesso para o SAP BTP - DS4-400. 
2023-10-23 08:10:14,069 - INFO - {'taxValue': '2872.4657', 'year': '2023', 'month': 10, 'index': 'IGP', 'base_year': '1980'} 
2023-10-23 08:10:14,989 - INFO - Dados enviados com sucesso para o SAP BTP - DS4-400. 
2023-10-23 08:10:15,861 - INFO - {'taxValue': '1523.9745', 'year': '2023', 'month': 10, 'index': 'IPC', 'base_year': '1990'} 
2023-10-23 08:10:16,539 - INFO - Dados enviados com sucesso para o SAP BTP - DS4-400. 
2023-10-23 08:10:17,170 - INFO - {'taxValue': '1784.9718', 'year': '2023', 'month': 9, 'index': 'INPC', 'base_year': '1990'} 
2023-10-23 08:10:17,869 - INFO - Dados enviados com sucesso para o SAP BTP - DS4-400. 
2023-10-24 08:10:07,213 - INFO - {'taxValue': '1722.3624', 'year': '2023', 'month': 9, 'index': 'IPCA', 'base_year': '1980'} 
2023-10-24 08:10:09,453 - INFO - Dados enviados com sucesso para o SAP BTP - DS4-400. 
2023-10-24 08:10:10,305 - INFO - {'taxValue': '2657.5425', 'year': '2023', 'month': 10, 'index': 'IGPM', 'base_year': '1993'} 
2023-10-24 08:10:11,772 - INFO - Dados enviados com sucesso para o SAP BTP - DS4-400. 
2023-10-24 08:10:12,553 - INFO - {'taxValue': '2872.4657', 'year': '2023', 'month': 10, 'index': 'IGP', 'base_year': '1980'} 
2023-10-24 08:10:13,210 - INFO - Dados enviados com sucesso para o SAP BTP - DS4-400. 
2023-10-24 08:10:14,376 - INFO - {'taxValue': '1523.9745', 'year': '2023', 'month': 10, 'index': 'IPC', 'base_year': '1990'} 
2023-10-24 08:10:15,340 - INFO - Dados enviados com sucesso para o SAP BTP - DS4-400. 
2023-10-24 08:10:16,513 - INFO - {'taxValue': '1784.9718', 'year': '2023', 'month': 9, 'index': 'INPC', 'base_year': '1990'} 
2023-10-24 08:10:17,176 - INFO - Dados enviados com sucesso para o SAP BTP - DS4-400. 
2023-10-26 08:10:06,261 - INFO - {'taxValue': '1722.3624', 'year': '2023', 'month': 9, 'index': 'IPCA', 'base_year': '1980'} 
2023-10-26 08:10:09,635 - INFO - Dados enviados com sucesso para o SAP BTP - DS4-400. 
2023-10-26 08:10:10,743 - INFO - {'taxValue': '2657.5425', 'year': '2023', 'month': 10, 'index': 'IGPM', 'base_year': '1993'} 
2023-10-26 08:10:11,407 - INFO - Dados enviados com sucesso para o SAP BTP - DS4-400. 
2023-10-26 08:10:12,443 - INFO - {'taxValue': '2872.4657', 'year': '2023', 'month': 10, 'index': 'IGP', 'base_year': '1980'} 
2023-10-26 08:10:14,709 - INFO - Dados enviados com sucesso para o SAP BTP - DS4-400. 
2023-10-26 08:10:15,792 - INFO - {'taxValue': '1523.9745', 'year': '2023', 'month': 10, 'index': 'IPC', 'base_year': '1990'} 
2023-10-26 08:10:16,429 - INFO - Dados enviados com sucesso para o SAP BTP - DS4-400. 
2023-10-26 08:10:17,487 - INFO - {'taxValue': '1784.9718', 'year': '2023', 'month': 9, 'index': 'INPC', 'base_year': '1990'} 
2023-10-26 08:10:18,237 - INFO - Dados enviados com sucesso para o SAP BTP - DS4-400. 
2023-10-27 08:10:04,478 - INFO - {'taxValue': '1722.3624', 'year': '2023', 'month': 9, 'index': 'IPCA', 'base_year': '1980'} 
2023-10-27 08:10:06,942 - INFO - Dados enviados com sucesso para o SAP BTP - DS4-400. 
2023-10-27 08:10:09,672 - INFO - {'taxValue': '2657.5425', 'year': '2023', 'month': 10, 'index': 'IGPM', 'base_year': '1993'} 
2023-10-27 08:10:10,339 - INFO - Dados enviados com sucesso para o SAP BTP - DS4-400. 
2023-10-27 08:10:13,198 - INFO - {'taxValue': '2872.4657', 'year': '2023', 'month': 10, 'index': 'IGP', 'base_year': '1980'} 
2023-10-27 08:10:15,203 - INFO - Dados enviados com sucesso para o SAP BTP - DS4-400. 
2023-10-27 08:10:16,008 - INFO - {'taxValue': '1523.9745', 'year': '2023', 'month': 10, 'index': 'IPC', 'base_year': '1990'} 
2023-10-27 08:10:17,617 - INFO - Dados enviados com sucesso para o SAP BTP - DS4-400. 
2023-10-27 08:10:21,180 - INFO - {'taxValue': '1784.9718', 'year': '2023', 'month': 9, 'index': 'INPC', 'base_year': '1990'} 
2023-10-27 08:10:21,919 - INFO - Dados enviados com sucesso para o SAP BTP - DS4-400. 
2023-10-30 08:10:06,498 - INFO - {'taxValue': '1722.3624', 'year': '2023', 'month': 9, 'index': 'IPCA', 'base_year': '1980'} 
2023-10-30 08:10:10,193 - INFO - Dados enviados com sucesso para o SAP BTP - DS4-400. 
2023-10-30 08:10:11,309 - INFO - {'taxValue': '2657.5425', 'year': '2023', 'month': 10, 'index': 'IGPM', 'base_year': '1993'} 
2023-10-30 08:10:13,815 - INFO - Dados enviados com sucesso para o SAP BTP - DS4-400. 
2023-10-30 08:10:14,508 - INFO - {'taxValue': '2872.4657', 'year': '2023', 'month': 10, 'index': 'IGP', 'base_year': '1980'} 
2023-10-30 08:10:15,160 - INFO - Dados enviados com sucesso para o SAP BTP - DS4-400. 
2023-10-30 08:10:16,213 - INFO - {'taxValue': '1523.9745', 'year': '2023', 'month': 10, 'index': 'IPC', 'base_year': '1990'} 
2023-10-30 08:10:16,988 - INFO - Dados enviados com sucesso para o SAP BTP - DS4-400. 
2023-10-30 08:10:17,669 - INFO - {'taxValue': '1784.9718', 'year': '2023', 'month': 9, 'index': 'INPC', 'base_year': '1990'} 
2023-10-30 08:10:18,628 - INFO - Dados enviados com sucesso para o SAP BTP - DS4-400. 
2023-10-31 08:11:36,824 - INFO - {'taxValue': '1722.3624', 'year': '2023', 'month': 9, 'index': 'IPCA', 'base_year': '1980'} 
2023-10-31 08:11:39,567 - INFO - Dados enviados com sucesso para o SAP BTP - DS4-400. 
2023-10-31 08:11:41,234 - INFO - {'taxValue': '2657.5425', 'year': '2023', 'month': 10, 'index': 'IGPM', 'base_year': '1993'} 
2023-10-31 08:11:42,756 - INFO - Dados enviados com sucesso para o SAP BTP - DS4-400. 
2023-10-31 08:11:44,575 - INFO - {'taxValue': '2872.4657', 'year': '2023', 'month': 10, 'index': 'IGP', 'base_year': '1980'} 
2023-10-31 08:11:46,310 - INFO - Dados enviados com sucesso para o SAP BTP - DS4-400. 
2023-10-31 08:11:47,143 - INFO - {'taxValue': '1523.9745', 'year': '2023', 'month': 10, 'index': 'IPC', 'base_year': '1990'} 
2023-10-31 08:11:47,883 - INFO - Dados enviados com sucesso para o SAP BTP - DS4-400. 
2023-10-31 08:11:49,524 - INFO - {'taxValue': '1784.9718', 'year': '2023', 'month': 9, 'index': 'INPC', 'base_year': '1990'} 
2023-10-31 08:11:50,359 - INFO - Dados enviados com sucesso para o SAP BTP - DS4-400. 
2023-11-01 08:22:33,698 - INFO - {'taxValue': '1722.3624', 'year': '2023', 'month': 9, 'index': 'IPCA', 'base_year': '1980'} 
2023-11-01 08:22:36,445 - INFO - Dados enviados com sucesso para o SAP BTP - DS4-400. 
2023-11-01 08:22:38,211 - INFO - {'taxValue': '2657.5425', 'year': '2023', 'month': 10, 'index': 'IGPM', 'base_year': '1993'} 
2023-11-01 08:22:39,608 - INFO - Dados enviados com sucesso para o SAP BTP - DS4-400. 
2023-11-01 08:22:40,571 - INFO - {'taxValue': '2872.4657', 'year': '2023', 'month': 10, 'index': 'IGP', 'base_year': '1980'} 
2023-11-01 08:22:41,443 - INFO - Dados enviados com sucesso para o SAP BTP - DS4-400. 
2023-11-01 08:22:42,475 - INFO - {'taxValue': '1523.9745', 'year': '2023', 'month': 10, 'index': 'IPC', 'base_year': '1990'} 
2023-11-01 08:22:43,306 - INFO - Dados enviados com sucesso para o SAP BTP - DS4-400. 
2023-11-01 08:22:44,220 - INFO - {'taxValue': '1784.9718', 'year': '2023', 'month': 9, 'index': 'INPC', 'base_year': '1990'} 
2023-11-01 08:22:44,924 - INFO - Dados enviados com sucesso para o SAP BTP - DS4-400. 
2023-11-06 08:10:06,462 - INFO - {'taxValue': '1722.3624', 'year': '2023', 'month': 9, 'index': 'IPCA', 'base_year': '1980'} 
2023-11-06 08:10:10,004 - INFO - Dados enviados com sucesso para o SAP BTP - DS4-400. 
2023-11-06 08:10:11,187 - INFO - {'taxValue': '2657.5425', 'year': '2023', 'month': 10, 'index': 'IGPM', 'base_year': '1993'} 
2023-11-06 08:10:14,374 - INFO - Dados enviados com sucesso para o SAP BTP - DS4-400. 
2023-11-06 08:10:15,140 - INFO - {'taxValue': '2872.4657', 'year': '2023', 'month': 10, 'index': 'IGP', 'base_year': '1980'} 
2023-11-06 08:10:15,817 - INFO - Dados enviados com sucesso para o SAP BTP - DS4-400. 
2023-11-06 08:10:17,417 - INFO - {'taxValue': '1523.9745', 'year': '2023', 'month': 10, 'index': 'IPC', 'base_year': '1990'} 
2023-11-06 08:10:18,078 - INFO - Dados enviados com sucesso para o SAP BTP - DS4-400. 
2023-11-06 08:10:19,605 - INFO - {'taxValue': '1784.9718', 'year': '2023', 'month': 9, 'index': 'INPC', 'base_year': '1990'} 
2023-11-06 08:10:20,275 - INFO - Dados enviados com sucesso para o SAP BTP - DS4-400. 
2023-11-08 08:10:09,770 - INFO - {'taxValue': '1722.3624', 'year': '2023', 'month': 9, 'index': 'IPCA', 'base_year': '1980'} 
2023-11-08 08:10:12,508 - INFO - Dados enviados com sucesso para o SAP BTP - DS4-400. 
2023-11-08 08:10:13,337 - INFO - {'taxValue': '2657.5425', 'year': '2023', 'month': 10, 'index': 'IGPM', 'base_year': '1993'} 
2023-11-08 08:10:15,032 - INFO - Dados enviados com sucesso para o SAP BTP - DS4-400. 
2023-11-08 08:10:16,154 - INFO - {'taxValue': '2872.4657', 'year': '2023', 'month': 10, 'index': 'IGP', 'base_year': '1980'} 
2023-11-08 08:10:17,257 - INFO - Dados enviados com sucesso para o SAP BTP - DS4-400. 
2023-11-08 08:10:18,536 - INFO - {'taxValue': '1523.9745', 'year': '2023', 'month': 10, 'index': 'IPC', 'base_year': '1990'} 
2023-11-08 08:10:19,421 - INFO - Dados enviados com sucesso para o SAP BTP - DS4-400. 
2023-11-08 08:10:21,606 - INFO - {'taxValue': '1784.9718', 'year': '2023', 'month': 9, 'index': 'INPC', 'base_year': '1990'} 
2023-11-08 08:10:22,287 - INFO - Dados enviados com sucesso para o SAP BTP - DS4-400. 
2023-11-09 08:10:07,572 - INFO - {'taxValue': '1722.3624', 'year': '2023', 'month': 9, 'index': 'IPCA', 'base_year': '1980'} 
2023-11-09 08:10:08,939 - INFO - Dados enviados com sucesso para o SAP BTP - DS4-400. 
2023-11-09 08:10:10,514 - INFO - {'taxValue': '2657.5425', 'year': '2023', 'month': 10, 'index': 'IGPM', 'base_year': '1993'} 
2023-11-09 08:10:11,605 - INFO - Dados enviados com sucesso para o SAP BTP - DS4-400. 
2023-11-09 08:10:12,824 - INFO - {'taxValue': '2872.4657', 'year': '2023', 'month': 10, 'index': 'IGP', 'base_year': '1980'} 
2023-11-09 08:10:14,108 - INFO - Dados enviados com sucesso para o SAP BTP - DS4-400. 
2023-11-09 08:10:15,488 - INFO - {'taxValue': '1523.9745', 'year': '2023', 'month': 10, 'index': 'IPC', 'base_year': '1990'} 
2023-11-09 08:10:16,674 - INFO - Dados enviados com sucesso para o SAP BTP - DS4-400. 
2023-11-09 08:10:18,635 - INFO - {'taxValue': '1784.9718', 'year': '2023', 'month': 9, 'index': 'INPC', 'base_year': '1990'} 
2023-11-09 08:10:19,423 - INFO - Dados enviados com sucesso para o SAP BTP - DS4-400. 
2023-11-10 08:10:05,569 - INFO - {'taxValue': '1722.3624', 'year': '2023', 'month': 9, 'index': 'IPCA', 'base_year': '1980'} 
2023-11-10 08:10:07,941 - INFO - Dados enviados com sucesso para o SAP BTP - DS4-400. 
2023-11-10 08:10:09,023 - INFO - {'taxValue': '2657.5425', 'year': '2023', 'month': 10, 'index': 'IGPM', 'base_year': '1993'} 
2023-11-10 08:10:10,472 - INFO - Dados enviados com sucesso para o SAP BTP - DS4-400. 
2023-11-10 08:10:11,451 - INFO - {'taxValue': '2872.4657', 'year': '2023', 'month': 10, 'index': 'IGP', 'base_year': '1980'} 
2023-11-10 08:10:12,465 - INFO - Dados enviados com sucesso para o SAP BTP - DS4-400. 
2023-11-10 08:10:13,489 - INFO - {'taxValue': '1523.9745', 'year': '2023', 'month': 10, 'index': 'IPC', 'base_year': '1990'} 
2023-11-10 08:10:14,203 - INFO - Dados enviados com sucesso para o SAP BTP - DS4-400. 
2023-11-10 08:10:15,158 - INFO - {'taxValue': '1784.9718', 'year': '2023', 'month': 9, 'index': 'INPC', 'base_year': '1990'} 
2023-11-10 08:10:16,100 - INFO - Dados enviados com sucesso para o SAP BTP - DS4-400. 
2023-11-14 08:10:07,073 - INFO - {'taxValue': '1722.3624', 'year': '2023', 'month': 9, 'index': 'IPCA', 'base_year': '1980'} 
2023-11-14 08:10:10,704 - INFO - Dados enviados com sucesso para o SAP BTP - DS4-400. 
2023-11-14 08:10:12,007 - INFO - {'taxValue': '2657.5425', 'year': '2023', 'month': 10, 'index': 'IGPM', 'base_year': '1993'} 
2023-11-14 08:10:13,464 - INFO - Dados enviados com sucesso para o SAP BTP - DS4-400. 
2023-11-14 08:10:14,720 - INFO - {'taxValue': '2872.4657', 'year': '2023', 'month': 10, 'index': 'IGP', 'base_year': '1980'} 
2023-11-14 08:10:16,695 - INFO - Dados enviados com sucesso para o SAP BTP - DS4-400. 
2023-11-14 08:10:18,486 - INFO - {'taxValue': '1523.9745', 'year': '2023', 'month': 10, 'index': 'IPC', 'base_year': '1990'} 
2023-11-14 08:10:19,510 - INFO - Dados enviados com sucesso para o SAP BTP - DS4-400. 
2023-11-14 08:10:20,388 - INFO - {'taxValue': '1784.9718', 'year': '2023', 'month': 9, 'index': 'INPC', 'base_year': '1990'} 
2023-11-14 08:10:21,670 - INFO - Dados enviados com sucesso para o SAP BTP - DS4-400. 
2023-11-16 08:10:17,095 - INFO - {'taxValue': '1722.3624', 'year': '2023', 'month': 9, 'index': 'IPCA', 'base_year': '1980'} 
2023-11-16 08:10:21,416 - INFO - Dados enviados com sucesso para o SAP BTP - DS4-400. 
2023-11-16 08:10:22,283 - INFO - {'taxValue': '2657.5425', 'year': '2023', 'month': 10, 'index': 'IGPM', 'base_year': '1993'} 
2023-11-16 08:10:24,792 - INFO - Dados enviados com sucesso para o SAP BTP - DS4-400. 
2023-11-16 08:10:25,916 - INFO - {'taxValue': '2872.4657', 'year': '2023', 'month': 10, 'index': 'IGP', 'base_year': '1980'} 
2023-11-16 08:10:26,921 - INFO - Dados enviados com sucesso para o SAP BTP - DS4-400. 
2023-11-16 08:10:28,097 - INFO - {'taxValue': '1523.9745', 'year': '2023', 'month': 10, 'index': 'IPC', 'base_year': '1990'} 
2023-11-16 08:10:28,866 - INFO - Dados enviados com sucesso para o SAP BTP - DS4-400. 
2023-11-16 08:10:29,656 - INFO - {'taxValue': '1784.9718', 'year': '2023', 'month': 9, 'index': 'INPC', 'base_year': '1990'} 
2023-11-16 08:10:30,402 - INFO - Dados enviados com sucesso para o SAP BTP - DS4-400. 
2023-11-17 08:10:10,357 - INFO - {'taxValue': '1722.3624', 'year': '2023', 'month': 9, 'index': 'IPCA', 'base_year': '1980'} 
2023-11-17 08:10:12,808 - INFO - Dados enviados com sucesso para o SAP BTP - DS4-400. 
2023-11-17 08:10:13,552 - INFO - {'taxValue': '2657.5425', 'year': '2023', 'month': 10, 'index': 'IGPM', 'base_year': '1993'} 
2023-11-17 08:10:14,621 - INFO - Dados enviados com sucesso para o SAP BTP - DS4-400. 
2023-11-17 08:10:15,311 - INFO - {'taxValue': '2872.4657', 'year': '2023', 'month': 10, 'index': 'IGP', 'base_year': '1980'} 
2023-11-17 08:10:17,194 - INFO - Dados enviados com sucesso para o SAP BTP - DS4-400. 
2023-11-17 08:10:18,082 - INFO - {'taxValue': '1523.9745', 'year': '2023', 'month': 10, 'index': 'IPC', 'base_year': '1990'} 
2023-11-17 08:10:18,787 - INFO - Dados enviados com sucesso para o SAP BTP - DS4-400. 
2023-11-17 08:10:19,471 - INFO - {'taxValue': '1784.9718', 'year': '2023', 'month': 9, 'index': 'INPC', 'base_year': '1990'} 
2023-11-17 08:10:20,322 - INFO - Dados enviados com sucesso para o SAP BTP - DS4-400. 
2023-11-21 08:10:05,338 - INFO - {'taxValue': '1722.3624', 'year': '2023', 'month': 9, 'index': 'IPCA', 'base_year': '1980'} 
2023-11-21 08:10:09,220 - INFO - Dados enviados com sucesso para o SAP BTP - DS4-400. 
2023-11-21 08:10:10,570 - INFO - {'taxValue': '2657.5425', 'year': '2023', 'month': 10, 'index': 'IGPM', 'base_year': '1993'} 
2023-11-21 08:10:13,258 - INFO - Dados enviados com sucesso para o SAP BTP - DS4-400. 
2023-11-21 08:10:14,114 - INFO - {'taxValue': '2872.4657', 'year': '2023', 'month': 10, 'index': 'IGP', 'base_year': '1980'} 
2023-11-21 08:10:14,995 - INFO - Dados enviados com sucesso para o SAP BTP - DS4-400. 
2023-11-21 08:10:16,301 - INFO - {'taxValue': '1523.9745', 'year': '2023', 'month': 10, 'index': 'IPC', 'base_year': '1990'} 
2023-11-21 08:10:16,958 - INFO - Dados enviados com sucesso para o SAP BTP - DS4-400. 
2023-11-21 08:10:18,142 - INFO - {'taxValue': '1784.9718', 'year': '2023', 'month': 9, 'index': 'INPC', 'base_year': '1990'} 
2023-11-21 08:10:18,953 - INFO - Dados enviados com sucesso para o SAP BTP - DS4-400. 
2023-11-22 08:10:06,200 - INFO - {'taxValue': '1722.3624', 'year': '2023', 'month': 9, 'index': 'IPCA', 'base_year': '1980'} 
2023-11-22 08:10:08,678 - INFO - Dados enviados com sucesso para o SAP BTP - DS4-400. 
2023-11-22 08:10:09,485 - INFO - {'taxValue': '2657.5425', 'year': '2023', 'month': 10, 'index': 'IGPM', 'base_year': '1993'} 
2023-11-22 08:10:11,026 - INFO - Dados enviados com sucesso para o SAP BTP - DS4-400. 
2023-11-22 08:10:11,770 - INFO - {'taxValue': '2872.4657', 'year': '2023', 'month': 10, 'index': 'IGP', 'base_year': '1980'} 
2023-11-22 08:10:12,390 - INFO - Dados enviados com sucesso para o SAP BTP - DS4-400. 
2023-11-22 08:10:13,399 - INFO - {'taxValue': '1523.9745', 'year': '2023', 'month': 10, 'index': 'IPC', 'base_year': '1990'} 
2023-11-22 08:10:14,330 - INFO - Dados enviados com sucesso para o SAP BTP - DS4-400. 
2023-11-22 08:10:16,017 - INFO - {'taxValue': '1784.9718', 'year': '2023', 'month': 9, 'index': 'INPC', 'base_year': '1990'} 
2023-11-22 08:10:16,636 - INFO - Dados enviados com sucesso para o SAP BTP - DS4-400. 
2023-11-24 15:04:07,488 - INFO - {'taxValue': '1722.3624', 'year': '2023', 'month': 9, 'index': 'IPCA', 'base_year': '1980'} 
2023-11-24 15:04:09,160 - INFO - Dados enviados com sucesso para o SAP BTP - DS4-400. 
2023-11-24 15:04:09,914 - INFO - {'taxValue': '2657.5425', 'year': '2023', 'month': 10, 'index': 'IGPM', 'base_year': '1993'} 
2023-11-24 15:04:11,067 - INFO - Dados enviados com sucesso para o SAP BTP - DS4-400. 
2023-11-24 15:04:11,732 - INFO - {'taxValue': '2872.4657', 'year': '2023', 'month': 10, 'index': 'IGP', 'base_year': '1980'} 
2023-11-24 15:04:12,793 - INFO - Dados enviados com sucesso para o SAP BTP - DS4-400. 
2023-11-24 15:04:13,662 - INFO - {'taxValue': '1523.9745', 'year': '2023', 'month': 10, 'index': 'IPC', 'base_year': '1990'} 
2023-11-24 15:04:14,524 - INFO - Dados enviados com sucesso para o SAP BTP - DS4-400. 
2023-11-24 15:04:15,228 - INFO - {'taxValue': '1784.9718', 'year': '2023', 'month': 9, 'index': 'INPC', 'base_year': '1990'} 
2023-11-24 15:04:16,145 - INFO - Dados enviados com sucesso para o SAP BTP - DS4-400. 
2023-11-27 08:10:06,845 - INFO - {'taxValue': '1722.3624', 'year': '2023', 'month': 9, 'index': 'IPCA', 'base_year': '1980'} 
2023-11-27 08:10:12,930 - INFO - Dados enviados com sucesso para o SAP BTP - DS4-400. 
2023-11-27 08:10:13,819 - INFO - {'taxValue': '2657.5425', 'year': '2023', 'month': 10, 'index': 'IGPM', 'base_year': '1993'} 
2023-11-27 08:10:15,278 - INFO - Dados enviados com sucesso para o SAP BTP - DS4-400. 
2023-11-27 08:10:16,037 - INFO - {'taxValue': '2872.4657', 'year': '2023', 'month': 10, 'index': 'IGP', 'base_year': '1980'} 
2023-11-27 08:10:16,892 - INFO - Dados enviados com sucesso para o SAP BTP - DS4-400. 
2023-11-27 08:10:18,561 - INFO - {'taxValue': '1523.9745', 'year': '2023', 'month': 10, 'index': 'IPC', 'base_year': '1990'} 
2023-11-27 08:10:19,195 - INFO - Dados enviados com sucesso para o SAP BTP - DS4-400. 
2023-11-27 08:10:19,939 - INFO - {'taxValue': '1784.9718', 'year': '2023', 'month': 9, 'index': 'INPC', 'base_year': '1990'} 
2023-11-27 08:10:21,052 - INFO - Dados enviados com sucesso para o SAP BTP - DS4-400. 
2023-11-29 08:10:06,310 - INFO - {'taxValue': '1722.3624', 'year': '2023', 'month': 9, 'index': 'IPCA', 'base_year': '1980'} 
2023-11-29 08:10:08,637 - INFO - Dados enviados com sucesso para o SAP BTP - DS4-400. 
2023-11-29 08:10:09,873 - INFO - {'taxValue': '2657.5425', 'year': '2023', 'month': 10, 'index': 'IGPM', 'base_year': '1993'} 
2023-11-29 08:10:11,883 - INFO - Dados enviados com sucesso para o SAP BTP - DS4-400. 
2023-11-29 08:10:12,687 - INFO - {'taxValue': '2872.4657', 'year': '2023', 'month': 10, 'index': 'IGP', 'base_year': '1980'} 
2023-11-29 08:10:13,662 - INFO - Dados enviados com sucesso para o SAP BTP - DS4-400. 
2023-11-29 08:10:14,949 - INFO - {'taxValue': '1523.9745', 'year': '2023', 'month': 10, 'index': 'IPC', 'base_year': '1990'} 
2023-11-29 08:10:15,759 - INFO - Dados enviados com sucesso para o SAP BTP - DS4-400. 
2023-11-29 08:10:16,882 - INFO - {'taxValue': '1784.9718', 'year': '2023', 'month': 9, 'index': 'INPC', 'base_year': '1990'} 
2023-11-29 08:10:17,543 - INFO - Dados enviados com sucesso para o SAP BTP - DS4-400. 
2023-11-30 08:10:13,606 - INFO - {'taxValue': '1722.3624', 'year': '2023', 'month': 9, 'index': 'IPCA', 'base_year': '1980'} 
2023-11-30 08:10:16,498 - INFO - Dados enviados com sucesso para o SAP BTP - DS4-400. 
2023-11-30 08:10:17,394 - INFO - {'taxValue': '2657.5425', 'year': '2023', 'month': 10, 'index': 'IGPM', 'base_year': '1993'} 
2023-11-30 08:10:19,204 - INFO - Dados enviados com sucesso para o SAP BTP - DS4-400. 
2023-11-30 08:10:20,328 - INFO - {'taxValue': '2872.4657', 'year': '2023', 'month': 10, 'index': 'IGP', 'base_year': '1980'} 
2023-11-30 08:10:21,070 - INFO - Dados enviados com sucesso para o SAP BTP - DS4-400. 
2023-11-30 08:10:22,351 - INFO - {'taxValue': '1523.9745', 'year': '2023', 'month': 10, 'index': 'IPC', 'base_year': '1990'} 
2023-11-30 08:10:23,165 - INFO - Dados enviados com sucesso para o SAP BTP - DS4-400. 
2023-11-30 08:10:24,821 - INFO - {'taxValue': '1784.9718', 'year': '2023', 'month': 9, 'index': 'INPC', 'base_year': '1990'} 
2023-11-30 08:10:25,627 - INFO - Dados enviados com sucesso para o SAP BTP - DS4-400. 
2023-12-04 08:10:09,145 - INFO - {'taxValue': '1722.3624', 'year': '2023', 'month': 9, 'index': 'IPCA', 'base_year': '1980'} 
2023-12-04 08:10:12,518 - INFO - Dados enviados com sucesso para o SAP BTP - DS4-400. 
2023-12-04 08:10:14,377 - INFO - {'taxValue': '2657.5425', 'year': '2023', 'month': 10, 'index': 'IGPM', 'base_year': '1993'} 
2023-12-04 08:10:15,269 - INFO - Dados enviados com sucesso para o SAP BTP - DS4-400. 
2023-12-04 08:10:16,935 - INFO - {'taxValue': '2872.4657', 'year': '2023', 'month': 10, 'index': 'IGP', 'base_year': '1980'} 
2023-12-04 08:10:20,058 - INFO - Dados enviados com sucesso para o SAP BTP - DS4-400. 
2023-12-04 08:10:21,764 - INFO - {'taxValue': '1523.9745', 'year': '2023', 'month': 10, 'index': 'IPC', 'base_year': '1990'} 
2023-12-04 08:10:22,910 - INFO - Dados enviados com sucesso para o SAP BTP - DS4-400. 
2023-12-04 08:10:24,483 - INFO - {'taxValue': '1784.9718', 'year': '2023', 'month': 9, 'index': 'INPC', 'base_year': '1990'} 
2023-12-04 08:10:25,316 - INFO - Dados enviados com sucesso para o SAP BTP - DS4-400. 
2023-12-05 08:10:15,290 - INFO - {'taxValue': '1722.3624', 'year': '2023', 'month': 9, 'index': 'IPCA', 'base_year': '1980'} 
2023-12-05 08:10:17,695 - INFO - Dados enviados com sucesso para o SAP BTP - DS4-400. 
2023-12-05 08:10:19,106 - INFO - {'taxValue': '2657.5425', 'year': '2023', 'month': 10, 'index': 'IGPM', 'base_year': '1993'} 
2023-12-05 08:10:21,962 - INFO - Dados enviados com sucesso para o SAP BTP - DS4-400. 
2023-12-05 08:10:23,866 - INFO - {'taxValue': '2872.4657', 'year': '2023', 'month': 10, 'index': 'IGP', 'base_year': '1980'} 
2023-12-05 08:10:24,624 - INFO - Dados enviados com sucesso para o SAP BTP - DS4-400. 
2023-12-05 08:10:27,688 - INFO - {'taxValue': '1523.9745', 'year': '2023', 'month': 10, 'index': 'IPC', 'base_year': '1990'} 
2023-12-05 08:10:28,825 - INFO - Dados enviados com sucesso para o SAP BTP - DS4-400. 
2023-12-05 08:10:30,815 - INFO - {'taxValue': '1784.9718', 'year': '2023', 'month': 9, 'index': 'INPC', 'base_year': '1990'} 
2023-12-05 08:10:31,579 - INFO - Dados enviados com sucesso para o SAP BTP - DS4-400. 
2023-12-06 08:10:07,534 - INFO - {'taxValue': '1722.3624', 'year': '2023', 'month': 9, 'index': 'IPCA', 'base_year': '1980'} 
2023-12-06 08:10:09,687 - INFO - Dados enviados com sucesso para o SAP BTP - DS4-400. 
2023-12-06 08:10:11,896 - INFO - {'taxValue': '2657.5425', 'year': '2023', 'month': 10, 'index': 'IGPM', 'base_year': '1993'} 
2023-12-06 08:10:13,332 - INFO - Dados enviados com sucesso para o SAP BTP - DS4-400. 
2023-12-06 08:10:14,192 - INFO - {'taxValue': '2872.4657', 'year': '2023', 'month': 10, 'index': 'IGP', 'base_year': '1980'} 
2023-12-06 08:10:14,867 - INFO - Dados enviados com sucesso para o SAP BTP - DS4-400. 
2023-12-06 08:10:16,175 - INFO - {'taxValue': '1523.9745', 'year': '2023', 'month': 10, 'index': 'IPC', 'base_year': '1990'} 
2023-12-06 08:10:16,869 - INFO - Dados enviados com sucesso para o SAP BTP - DS4-400. 
2023-12-06 08:10:18,678 - INFO - {'taxValue': '1784.9718', 'year': '2023', 'month': 9, 'index': 'INPC', 'base_year': '1990'} 
2023-12-06 08:10:19,329 - INFO - Dados enviados com sucesso para o SAP BTP - DS4-400. 
2023-12-07 08:10:06,713 - INFO - {'taxValue': '1730.985', 'year': '2023', 'month': 11, 'index': 'IPCA', 'base_year': '1980'} 
2023-12-07 08:10:09,277 - INFO - Dados enviados com sucesso para o SAP BTP - DS4-400. 
2023-12-07 08:10:10,170 - INFO - {'taxValue': '2686.5881', 'year': '2023', 'month': 12, 'index': 'IGPM', 'base_year': '1993'} 
2023-12-07 08:10:11,939 - INFO - Dados enviados com sucesso para o SAP BTP - DS4-400. 
2023-12-07 08:10:14,008 - INFO - {'taxValue': '2901.5508', 'year': '2023', 'month': 12, 'index': 'IGP', 'base_year': '1980'} 
2023-12-07 08:10:15,029 - INFO - Dados enviados com sucesso para o SAP BTP - DS4-400. 
2023-12-07 08:10:16,930 - INFO - {'taxValue': '1523.9745', 'year': '2023', 'month': 10, 'index': 'IPC', 'base_year': '1990'} 
2023-12-07 08:10:17,743 - INFO - Dados enviados com sucesso para o SAP BTP - DS4-400. 
2023-12-07 08:10:19,531 - INFO - {'taxValue': '1789.0796', 'year': '2023', 'month': 11, 'index': 'INPC', 'base_year': '1990'} 
2023-12-07 08:10:20,507 - INFO - Dados enviados com sucesso para o SAP BTP - DS4-400. 
2023-12-08 08:10:06,949 - INFO - {'taxValue': '1730.985', 'year': '2023', 'month': 11, 'index': 'IPCA', 'base_year': '1980'} 
2023-12-08 08:10:09,978 - INFO - Dados enviados com sucesso para o SAP BTP - DS4-400. 
2023-12-08 08:10:11,716 - INFO - {'taxValue': '2686.5881', 'year': '2023', 'month': 12, 'index': 'IGPM', 'base_year': '1993'} 
2023-12-08 08:10:13,520 - INFO - Dados enviados com sucesso para o SAP BTP - DS4-400. 
2023-12-08 08:10:14,403 - INFO - {'taxValue': '2901.5508', 'year': '2023', 'month': 12, 'index': 'IGP', 'base_year': '1980'} 
2023-12-08 08:10:15,262 - INFO - Dados enviados com sucesso para o SAP BTP - DS4-400. 
2023-12-08 08:10:16,153 - INFO - {'taxValue': '1523.9745', 'year': '2023', 'month': 10, 'index': 'IPC', 'base_year': '1990'} 
2023-12-08 08:10:16,971 - INFO - Dados enviados com sucesso para o SAP BTP - DS4-400. 
2023-12-08 08:10:18,152 - INFO - {'taxValue': '1789.0796', 'year': '2023', 'month': 11, 'index': 'INPC', 'base_year': '1990'} 
2023-12-08 08:10:18,918 - INFO - Dados enviados com sucesso para o SAP BTP - DS4-400. 
2023-12-11 10:32:46,103 - INFO - {'taxValue': '1730.985', 'year': '2023', 'month': 11, 'index': 'IPCA', 'base_year': '1980'} 
2023-12-11 10:32:49,618 - INFO - Dados enviados com sucesso para o SAP BTP - DS4-400. 
2023-12-11 10:32:51,521 - INFO - {'taxValue': '2686.5881', 'year': '2023', 'month': 12, 'index': 'IGPM', 'base_year': '1993'} 
2023-12-11 10:32:53,848 - INFO - Dados enviados com sucesso para o SAP BTP - DS4-400. 
2023-12-11 10:32:55,034 - INFO - {'taxValue': '2901.5508', 'year': '2023', 'month': 12, 'index': 'IGP', 'base_year': '1980'} 
2023-12-11 10:32:55,794 - INFO - Dados enviados com sucesso para o SAP BTP - DS4-400. 
2023-12-11 10:32:57,056 - INFO - {'taxValue': '1523.9745', 'year': '2023', 'month': 10, 'index': 'IPC', 'base_year': '1990'} 
2023-12-11 10:32:57,973 - INFO - Dados enviados com sucesso para o SAP BTP - DS4-400. 
2023-12-11 10:32:59,428 - INFO - {'taxValue': '1789.0796', 'year': '2023', 'month': 11, 'index': 'INPC', 'base_year': '1990'} 
2023-12-11 10:33:00,412 - INFO - Dados enviados com sucesso para o SAP BTP - DS4-400. 
2023-12-12 08:10:06,236 - INFO - {'taxValue': '1730.985', 'year': '2023', 'month': 11, 'index': 'IPCA', 'base_year': '1980'} 
2023-12-12 08:10:09,427 - INFO - Dados enviados com sucesso para o SAP BTP - DS4-400. 
2023-12-12 08:10:10,778 - INFO - {'taxValue': '2686.5881', 'year': '2023', 'month': 12, 'index': 'IGPM', 'base_year': '1993'} 
2023-12-12 08:10:11,678 - INFO - Dados enviados com sucesso para o SAP BTP - DS4-400. 
2023-12-12 08:10:13,236 - INFO - {'taxValue': '2901.5508', 'year': '2023', 'month': 12, 'index': 'IGP', 'base_year': '1980'} 
2023-12-12 08:10:14,988 - INFO - Dados enviados com sucesso para o SAP BTP - DS4-400. 
2023-12-12 08:10:16,784 - INFO - {'taxValue': '1523.9745', 'year': '2023', 'month': 10, 'index': 'IPC', 'base_year': '1990'} 
2023-12-12 08:10:17,563 - INFO - Dados enviados com sucesso para o SAP BTP - DS4-400. 
2023-12-12 08:10:18,860 - INFO - {'taxValue': '1789.0796', 'year': '2023', 'month': 11, 'index': 'INPC', 'base_year': '1990'} 
2023-12-12 08:10:19,866 - INFO - Dados enviados com sucesso para o SAP BTP - DS4-400. 
2023-12-14 08:10:05,840 - INFO - {'taxValue': '1730.985', 'year': '2023', 'month': 11, 'index': 'IPCA', 'base_year': '1980'} 
2023-12-14 08:10:09,428 - INFO - Dados enviados com sucesso para o SAP BTP - DS4-400. 
2023-12-14 08:10:10,748 - INFO - {'taxValue': '2686.5881', 'year': '2023', 'month': 12, 'index': 'IGPM', 'base_year': '1993'} 
2023-12-14 08:10:11,531 - INFO - Dados enviados com sucesso para o SAP BTP - DS4-400. 
2023-12-14 08:10:12,679 - INFO - {'taxValue': '2901.5508', 'year': '2023', 'month': 12, 'index': 'IGP', 'base_year': '1980'} 
2023-12-14 08:10:15,327 - INFO - Dados enviados com sucesso para o SAP BTP - DS4-400. 
2023-12-14 08:10:16,586 - INFO - {'taxValue': '1523.9745', 'year': '2023', 'month': 10, 'index': 'IPC', 'base_year': '1990'} 
2023-12-14 08:10:17,309 - INFO - Dados enviados com sucesso para o SAP BTP - DS4-400. 
2023-12-14 08:10:18,487 - INFO - {'taxValue': '1789.0796', 'year': '2023', 'month': 11, 'index': 'INPC', 'base_year': '1990'} 
2023-12-14 08:10:19,587 - INFO - Dados enviados com sucesso para o SAP BTP - DS4-400. 
2023-12-14 17:06:24,026 - INFO - {'taxValue': '1730.985', 'year': '2023', 'month': 11, 'index': 'IPCA', 'base_year': '1980'} 
2023-12-14 17:06:25,365 - INFO - Dados enviados com sucesso para o SAP BTP - DS4-400. 
2023-12-14 17:06:26,661 - INFO - {'taxValue': '2686.5881', 'year': '2023', 'month': 12, 'index': 'IGPM', 'base_year': '1993'} 
2023-12-14 17:06:27,869 - INFO - Dados enviados com sucesso para o SAP BTP - DS4-400. 
2023-12-14 17:06:29,071 - INFO - {'taxValue': '2901.5508', 'year': '2023', 'month': 12, 'index': 'IGP', 'base_year': '1980'} 
2023-12-14 17:06:29,735 - INFO - Dados enviados com sucesso para o SAP BTP - DS4-400. 
2023-12-14 17:06:31,012 - INFO - {'taxValue': '1523.9745', 'year': '2023', 'month': 10, 'index': 'IPC', 'base_year': '1990'} 
2023-12-14 17:06:31,737 - INFO - Dados enviados com sucesso para o SAP BTP - DS4-400. 
2023-12-14 17:06:32,592 - INFO - {'taxValue': '1789.0796', 'year': '2023', 'month': 11, 'index': 'INPC', 'base_year': '1990'} 
2023-12-14 17:06:33,328 - INFO - Dados enviados com sucesso para o SAP BTP - DS4-400. 
2023-12-14 17:14:22,893 - INFO - {'taxValue': '1730.985', 'year': '2023', 'month': 11, 'index': 'IPCA', 'base_year': '1980'} 
2023-12-14 17:14:23,728 - INFO - Dados enviados com sucesso para o SAP BTP - DS4-400. 
2023-12-14 17:14:25,039 - INFO - {'taxValue': '2686.5881', 'year': '2023', 'month': 12, 'index': 'IGPM', 'base_year': '1993'} 
2023-12-14 17:14:25,878 - INFO - Dados enviados com sucesso para o SAP BTP - DS4-400. 
2023-12-14 17:14:27,060 - INFO - {'taxValue': '2901.5508', 'year': '2023', 'month': 12, 'index': 'IGP', 'base_year': '1980'} 
2023-12-14 17:14:27,882 - INFO - Dados enviados com sucesso para o SAP BTP - DS4-400. 
2023-12-14 17:14:29,249 - INFO - {'taxValue': '1523.9745', 'year': '2023', 'month': 10, 'index': 'IPC', 'base_year': '1990'} 
2023-12-14 17:14:30,288 - INFO - Dados enviados com sucesso para o SAP BTP - DS4-400. 
2023-12-14 17:14:31,516 - INFO - {'taxValue': '1789.0796', 'year': '2023', 'month': 11, 'index': 'INPC', 'base_year': '1990'} 
2023-12-14 17:14:32,341 - INFO - Dados enviados com sucesso para o SAP BTP - DS4-400. 
2023-12-14 17:25:00,865 - INFO - {'taxValue': '1730.985', 'year': '2023', 'month': 11, 'index': 'IPCA', 'base_year': '1980'} 
2023-12-14 17:25:02,186 - INFO - Dados enviados com sucesso para o SAP BTP - DS4-400. 
2023-12-14 17:25:03,451 - INFO - {'taxValue': '2686.5881', 'year': '2023', 'month': 12, 'index': 'IGPM', 'base_year': '1993'} 
2023-12-14 17:25:04,751 - INFO - Dados enviados com sucesso para o SAP BTP - DS4-400. 
2023-12-14 17:25:06,020 - INFO - {'taxValue': '2901.5508', 'year': '2023', 'month': 12, 'index': 'IGP', 'base_year': '1980'} 
2023-12-14 17:25:26,887 - INFO - Dados enviados com sucesso para o SAP BTP - DS4-400. 
2023-12-14 17:25:28,223 - INFO - {'taxValue': '1523.9745', 'year': '2023', 'month': 10, 'index': 'IPC', 'base_year': '1990'} 
2023-12-14 17:25:29,069 - INFO - Dados enviados com sucesso para o SAP BTP - DS4-400. 
2023-12-14 17:25:29,992 - INFO - {'taxValue': '1789.0796', 'year': '2023', 'month': 11, 'index': 'INPC', 'base_year': '1990'} 
2023-12-14 17:25:30,739 - INFO - Dados enviados com sucesso para o SAP BTP - DS4-400. 
