2023-12-15 14:38:38,510 - INFO - {'taxValue': '1730.985', 'year': '2023', 'month': 11, 'index': 'IPCA', 'base_year': '1980'} 
2023-12-15 14:38:39,400 - INFO - Dados enviados com sucesso para o SAP BTP - PS4-300. 
2023-12-15 14:38:40,689 - INFO - {'taxValue': '2686.5881', 'year': '2023', 'month': 12, 'index': 'IGPM', 'base_year': '1993'} 
2023-12-15 14:38:41,880 - INFO - Dados enviados com sucesso para o SAP BTP - PS4-300. 
2023-12-15 14:38:43,079 - INFO - {'taxValue': '2901.5508', 'year': '2023', 'month': 12, 'index': 'IGP', 'base_year': '1980'} 
2023-12-15 14:38:43,943 - INFO - Dados enviados com sucesso para o SAP BTP - PS4-300. 
2023-12-15 14:38:45,103 - INFO - {'taxValue': '1523.9745', 'year': '2023', 'month': 10, 'index': 'IPC', 'base_year': '1990'} 
2023-12-15 14:38:45,949 - INFO - Dados enviados com sucesso para o SAP BTP - PS4-300. 
2023-12-15 14:38:47,339 - INFO - {'taxValue': '1789.0796', 'year': '2023', 'month': 11, 'index': 'INPC', 'base_year': '1990'} 
2023-12-15 14:38:48,061 - INFO - Dados enviados com sucesso para o SAP BTP - PS4-300. 
2023-12-15 14:40:30,899 - INFO - {'taxValue': '1730.985', 'year': '2023', 'month': 11, 'index': 'IPCA', 'base_year': '1980'} 
2023-12-15 14:40:31,685 - INFO - Dados enviados com sucesso para o SAP BTP - DS4-400. 
2023-12-15 14:40:32,672 - INFO - {'taxValue': '2686.5881', 'year': '2023', 'month': 12, 'index': 'IGPM', 'base_year': '1993'} 
2023-12-15 14:40:33,502 - INFO - Dados enviados com sucesso para o SAP BTP - DS4-400. 
2023-12-15 14:40:34,741 - INFO - {'taxValue': '2901.5508', 'year': '2023', 'month': 12, 'index': 'IGP', 'base_year': '1980'} 
2023-12-15 14:40:35,431 - INFO - Dados enviados com sucesso para o SAP BTP - DS4-400. 
2023-12-15 14:40:36,676 - INFO - {'taxValue': '1523.9745', 'year': '2023', 'month': 10, 'index': 'IPC', 'base_year': '1990'} 
2023-12-15 14:40:37,743 - INFO - Dados enviados com sucesso para o SAP BTP - DS4-400. 
2023-12-15 14:40:38,629 - INFO - {'taxValue': '1789.0796', 'year': '2023', 'month': 11, 'index': 'INPC', 'base_year': '1990'} 
2023-12-15 14:40:39,491 - INFO - Dados enviados com sucesso para o SAP BTP - DS4-400. 
2023-12-15 14:41:21,869 - INFO - {'taxValue': '1730.985', 'year': '2023', 'month': 11, 'index': 'IPCA', 'base_year': '1980'} 
2023-12-15 14:41:23,940 - INFO - Dados enviados com sucesso para o SAP BTP - DS4-400. 
2023-12-15 14:41:25,238 - INFO - {'taxValue': '2686.5881', 'year': '2023', 'month': 12, 'index': 'IGPM', 'base_year': '1993'} 
2023-12-15 14:41:26,078 - INFO - Dados enviados com sucesso para o SAP BTP - DS4-400. 
2023-12-15 14:41:27,328 - INFO - {'taxValue': '2901.5508', 'year': '2023', 'month': 12, 'index': 'IGP', 'base_year': '1980'} 
2023-12-15 14:41:27,999 - INFO - Dados enviados com sucesso para o SAP BTP - DS4-400. 
2023-12-15 14:41:28,896 - INFO - {'taxValue': '1523.9745', 'year': '2023', 'month': 10, 'index': 'IPC', 'base_year': '1990'} 
2023-12-15 14:41:29,967 - INFO - Dados enviados com sucesso para o SAP BTP - DS4-400. 
2023-12-15 14:41:31,189 - INFO - {'taxValue': '1789.0796', 'year': '2023', 'month': 11, 'index': 'INPC', 'base_year': '1990'} 
2023-12-15 14:41:32,025 - INFO - Dados enviados com sucesso para o SAP BTP - DS4-400. 
2023-12-15 14:43:58,490 - INFO - {'taxValue': '1730.985', 'year': '2023', 'month': 11, 'index': 'IPCA', 'base_year': '1980'} 
2023-12-15 14:43:59,223 - INFO - Dados enviados com sucesso para o SAP BTP - DS4-400. 
2023-12-15 14:44:00,479 - INFO - {'taxValue': '2686.5881', 'year': '2023', 'month': 12, 'index': 'IGPM', 'base_year': '1993'} 
2023-12-15 14:44:01,218 - INFO - Dados enviados com sucesso para o SAP BTP - DS4-400. 
2023-12-15 14:44:03,154 - INFO - {'taxValue': '2901.5508', 'year': '2023', 'month': 12, 'index': 'IGP', 'base_year': '1980'} 
2023-12-15 14:44:04,485 - INFO - Dados enviados com sucesso para o SAP BTP - DS4-400. 
2023-12-15 14:44:05,443 - INFO - {'taxValue': '1523.9745', 'year': '2023', 'month': 10, 'index': 'IPC', 'base_year': '1990'} 
2023-12-15 14:44:06,285 - INFO - Dados enviados com sucesso para o SAP BTP - DS4-400. 
2023-12-15 14:44:07,459 - INFO - {'taxValue': '1789.0796', 'year': '2023', 'month': 11, 'index': 'INPC', 'base_year': '1990'} 
2023-12-15 14:44:08,236 - INFO - Dados enviados com sucesso para o SAP BTP - DS4-400. 
2023-12-15 14:57:30,544 - INFO - {'taxValue': '1730.985', 'year': '2023', 'month': 11, 'index': 'IPCA', 'base_year': '1980'} 
2023-12-15 14:57:31,354 - INFO - Dados enviados com sucesso para o SAP BTP - DS4-400. 
2023-12-15 14:57:32,616 - INFO - {'taxValue': '2686.5881', 'year': '2023', 'month': 12, 'index': 'IGPM', 'base_year': '1993'} 
2023-12-15 14:57:33,822 - INFO - Dados enviados com sucesso para o SAP BTP - DS4-400. 
2023-12-15 14:57:35,073 - INFO - {'taxValue': '2901.5508', 'year': '2023', 'month': 12, 'index': 'IGP', 'base_year': '1980'} 
2023-12-15 14:57:36,064 - INFO - Dados enviados com sucesso para o SAP BTP - DS4-400. 
2023-12-15 14:57:37,424 - INFO - {'taxValue': '1523.9745', 'year': '2023', 'month': 10, 'index': 'IPC', 'base_year': '1990'} 
2023-12-15 14:57:38,296 - INFO - Dados enviados com sucesso para o SAP BTP - DS4-400. 
2023-12-15 14:57:39,308 - INFO - {'taxValue': '1789.0796', 'year': '2023', 'month': 11, 'index': 'INPC', 'base_year': '1990'} 
2023-12-15 14:57:40,185 - INFO - Dados enviados com sucesso para o SAP BTP - DS4-400. 
2023-12-15 15:01:02,098 - INFO - {'taxValue': '1730.985', 'year': '2023', 'month': 11, 'index': 'IPCA', 'base_year': '1980'} 
2023-12-15 15:01:04,764 - INFO - Dados enviados com sucesso para o SAP BTP - DS4-400. 
2023-12-15 15:01:06,052 - INFO - {'taxValue': '2686.5881', 'year': '2023', 'month': 12, 'index': 'IGPM', 'base_year': '1993'} 
2023-12-15 15:01:06,928 - INFO - Dados enviados com sucesso para o SAP BTP - DS4-400. 
2023-12-15 15:01:07,790 - INFO - {'taxValue': '2901.5508', 'year': '2023', 'month': 12, 'index': 'IGP', 'base_year': '1980'} 
2023-12-15 15:01:08,741 - INFO - Dados enviados com sucesso para o SAP BTP - DS4-400. 
2023-12-15 15:01:10,150 - INFO - {'taxValue': '1523.9745', 'year': '2023', 'month': 10, 'index': 'IPC', 'base_year': '1990'} 
2023-12-15 15:01:11,014 - INFO - Dados enviados com sucesso para o SAP BTP - DS4-400. 
2023-12-15 15:01:12,183 - INFO - {'taxValue': '1789.0796', 'year': '2023', 'month': 11, 'index': 'INPC', 'base_year': '1990'} 
2023-12-15 15:01:13,043 - INFO - Dados enviados com sucesso para o SAP BTP - DS4-400. 
2023-12-15 15:05:53,649 - INFO - {'taxValue': '1730.985', 'year': '2023', 'month': 11, 'index': 'IPCA', 'base_year': '1980'} 
2023-12-15 15:05:54,360 - INFO - Dados enviados com sucesso para o SAP BTP - DS4-400. 
2023-12-15 15:05:55,585 - INFO - {'taxValue': '2686.5881', 'year': '2023', 'month': 12, 'index': 'IGPM', 'base_year': '1993'} 
2023-12-15 15:05:56,420 - INFO - Dados enviados com sucesso para o SAP BTP - DS4-400. 
2023-12-15 15:05:57,636 - INFO - {'taxValue': '2901.5508', 'year': '2023', 'month': 12, 'index': 'IGP', 'base_year': '1980'} 
2023-12-15 15:05:58,276 - INFO - Dados enviados com sucesso para o SAP BTP - DS4-400. 
2023-12-15 15:05:59,647 - INFO - {'taxValue': '1523.9745', 'year': '2023', 'month': 10, 'index': 'IPC', 'base_year': '1990'} 
2023-12-15 15:06:00,508 - INFO - Dados enviados com sucesso para o SAP BTP - DS4-400. 
2023-12-15 15:06:01,833 - INFO - {'taxValue': '1789.0796', 'year': '2023', 'month': 11, 'index': 'INPC', 'base_year': '1990'} 
2023-12-15 15:06:02,509 - INFO - Dados enviados com sucesso para o SAP BTP - DS4-400. 
2023-12-15 15:08:17,189 - INFO - {'taxValue': '1730.985', 'year': '2023', 'month': 11, 'index': 'IPCA', 'base_year': '1980'} 
2023-12-15 15:08:18,113 - INFO - Dados enviados com sucesso para o SAP BTP - DS4-400. 
2023-12-15 15:08:19,272 - INFO - {'taxValue': '2686.5881', 'year': '2023', 'month': 12, 'index': 'IGPM', 'base_year': '1993'} 
2023-12-15 15:08:20,001 - INFO - Dados enviados com sucesso para o SAP BTP - DS4-400. 
2023-12-15 15:08:21,185 - INFO - {'taxValue': '2901.5508', 'year': '2023', 'month': 12, 'index': 'IGP', 'base_year': '1980'} 
2023-12-15 15:08:21,935 - INFO - Dados enviados com sucesso para o SAP BTP - DS4-400. 
2023-12-15 15:08:22,879 - INFO - {'taxValue': '1523.9745', 'year': '2023', 'month': 10, 'index': 'IPC', 'base_year': '1990'} 
2023-12-15 15:08:23,900 - INFO - Dados enviados com sucesso para o SAP BTP - DS4-400. 
2023-12-15 15:08:25,043 - INFO - {'taxValue': '1789.0796', 'year': '2023', 'month': 11, 'index': 'INPC', 'base_year': '1990'} 
2023-12-15 15:08:25,732 - INFO - Dados enviados com sucesso para o SAP BTP - DS4-400. 
2023-12-15 15:13:51,632 - INFO - {'taxValue': '1730.985', 'year': '2023', 'month': 11, 'index': 'IPCA', 'base_year': '1980'} 
2023-12-15 15:13:53,370 - INFO - Dados enviados com sucesso para o SAP BTP - DS4-400. 
2023-12-15 15:13:54,762 - INFO - {'taxValue': '2686.5881', 'year': '2023', 'month': 12, 'index': 'IGPM', 'base_year': '1993'} 
2023-12-15 15:13:55,464 - INFO - Dados enviados com sucesso para o SAP BTP - DS4-400. 
2023-12-15 15:13:56,631 - INFO - {'taxValue': '2901.5508', 'year': '2023', 'month': 12, 'index': 'IGP', 'base_year': '1980'} 
2023-12-15 15:13:57,460 - INFO - Dados enviados com sucesso para o SAP BTP - DS4-400. 
2023-12-15 15:13:58,368 - INFO - {'taxValue': '1523.9745', 'year': '2023', 'month': 10, 'index': 'IPC', 'base_year': '1990'} 
2023-12-15 15:13:59,451 - INFO - Dados enviados com sucesso para o SAP BTP - DS4-400. 
2023-12-15 15:14:00,672 - INFO - {'taxValue': '1789.0796', 'year': '2023', 'month': 11, 'index': 'INPC', 'base_year': '1990'} 
2023-12-15 15:14:01,358 - INFO - Dados enviados com sucesso para o SAP BTP - DS4-400. 
